<?xml version="1.0" encoding="UTF-8"?>
<coverage generated="1761558739655" clover="3.2.0">
  <project timestamp="1761558739655" name="All files">
    <metrics statements="129" coveredstatements="103" conditionals="82" coveredconditionals="54" methods="28" coveredmethods="21" elements="239" coveredelements="178" complexity="0" loc="129" ncloc="129" packages="1" files="7" classes="7"/>
    <file name="Injectables.ts" path="/home/tvenceslau/local-workspace/decaf-ts/injectable-decorators/src/Injectables.ts">
      <metrics statements="15" coveredstatements="10" conditionals="4" coveredconditionals="1" methods="9" coveredmethods="5"/>
      <line num="1" count="1" type="stmt"/>
      <line num="50" count="1" type="stmt"/>
      <line num="56" count="1" type="stmt"/>
      <line num="73" count="24" type="stmt"/>
      <line num="85" count="9" type="stmt"/>
      <line num="100" count="0" type="stmt"/>
      <line num="110" count="2" type="stmt"/>
      <line num="118" count="33" type="cond" truecount="1" falsecount="0"/>
      <line num="119" count="1" type="stmt"/>
      <line num="120" count="33" type="stmt"/>
      <line num="129" count="1" type="stmt"/>
      <line num="139" count="0" type="cond" truecount="0" falsecount="2"/>
      <line num="140" count="0" type="stmt"/>
      <line num="143" count="0" type="cond" truecount="0" falsecount="1"/>
      <line num="144" count="0" type="stmt"/>
    </file>
    <file name="constants.ts" path="/home/tvenceslau/local-workspace/decaf-ts/injectable-decorators/src/constants.ts">
      <metrics statements="3" coveredstatements="3" conditionals="0" coveredconditionals="0" methods="0" coveredmethods="0"/>
      <line num="12" count="1" type="stmt"/>
      <line num="24" count="1" type="stmt"/>
      <line num="34" count="1" type="stmt"/>
    </file>
    <file name="decorators.ts" path="/home/tvenceslau/local-workspace/decaf-ts/injectable-decorators/src/decorators.ts">
      <metrics statements="53" coveredstatements="50" conditionals="37" coveredconditionals="31" methods="11" coveredmethods="11"/>
      <line num="1" count="1" type="stmt"/>
      <line num="2" count="1" type="stmt"/>
      <line num="3" count="1" type="stmt"/>
      <line num="5" count="1" type="stmt"/>
      <line num="21" count="1" type="stmt"/>
      <line num="25" count="9" type="stmt"/>
      <line num="30" count="9" type="stmt"/>
      <line num="38" count="9" type="stmt"/>
      <line num="39" count="9" type="cond" truecount="2" falsecount="0"/>
      <line num="40" count="9" type="cond" truecount="2" falsecount="0"/>
      <line num="42" count="9" type="stmt"/>
      <line num="47" count="9" type="stmt"/>
      <line num="53" count="9" type="stmt"/>
      <line num="54" count="8" type="stmt"/>
      <line num="58" count="9" type="stmt"/>
      <line num="61" count="9" type="stmt"/>
      <line num="68" count="9" type="stmt"/>
      <line num="74" count="9" type="stmt"/>
      <line num="76" count="9" type="stmt"/>
      <line num="189" count="1" type="stmt"/>
      <line num="193" count="9" type="stmt"/>
      <line num="207" count="1" type="stmt"/>
      <line num="211" count="2" type="stmt"/>
      <line num="226" count="1" type="stmt"/>
      <line num="230" count="2" type="stmt"/>
      <line num="262" count="1" type="stmt"/>
      <line num="266" count="9" type="stmt"/>
      <line num="268" count="9" type="cond" truecount="4" falsecount="0"/>
      <line num="271" count="9" type="cond" truecount="1" falsecount="0"/>
      <line num="272" count="9" type="stmt"/>
      <line num="276" count="9" type="cond" truecount="3" falsecount="0"/>
      <line num="279" count="9" type="cond" truecount="0" falsecount="1"/>
      <line num="280" count="0" type="stmt"/>
      <line num="284" count="9" type="stmt"/>
      <line num="293" count="9" type="stmt"/>
      <line num="295" count="9" type="stmt"/>
      <line num="298" count="9" type="stmt"/>
      <line num="302" count="9" type="cond" truecount="1" falsecount="0"/>
      <line num="304" count="9" type="stmt"/>
      <line num="308" count="23" type="stmt"/>
      <line num="309" count="23" type="cond" truecount="1" falsecount="0"/>
      <line num="310" count="9" type="cond" truecount="2" falsecount="0"/>
      <line num="311" count="9" type="cond" truecount="0" falsecount="1"/>
      <line num="312" count="0" type="stmt"/>
      <line num="315" count="9" type="cond" truecount="1" falsecount="0"/>
      <line num="316" count="1" type="stmt"/>
      <line num="317" count="1" type="stmt"/>
      <line num="319" count="0" type="stmt"/>
      <line num="321" count="9" type="stmt"/>
      <line num="323" count="9" type="stmt"/>
      <line num="326" count="9" type="stmt"/>
      <line num="445" count="1" type="stmt"/>
      <line num="449" count="9" type="stmt"/>
    </file>
    <file name="index.ts" path="/home/tvenceslau/local-workspace/decaf-ts/injectable-decorators/src/index.ts">
      <metrics statements="10" coveredstatements="10" conditionals="0" coveredconditionals="0" methods="0" coveredmethods="0"/>
      <line num="10" count="1" type="stmt"/>
      <line num="12" count="1" type="stmt"/>
      <line num="13" count="1" type="stmt"/>
      <line num="14" count="1" type="stmt"/>
      <line num="15" count="1" type="stmt"/>
      <line num="16" count="1" type="stmt"/>
      <line num="17" count="1" type="stmt"/>
      <line num="25" count="1" type="stmt"/>
      <line num="26" count="1" type="stmt"/>
      <line num="27" count="1" type="stmt"/>
    </file>
    <file name="overrides.ts" path="/home/tvenceslau/local-workspace/decaf-ts/injectable-decorators/src/overrides.ts">
      <metrics statements="14" coveredstatements="0" conditionals="10" coveredconditionals="0" methods="2" coveredmethods="0"/>
      <line num="1" count="0" type="stmt"/>
      <line num="2" count="0" type="stmt"/>
      <line num="5" count="0" type="stmt"/>
      <line num="10" count="0" type="stmt"/>
      <line num="11" count="0" type="cond" truecount="0" falsecount="1"/>
      <line num="12" count="0" type="cond" truecount="0" falsecount="1"/>
      <line num="14" count="0" type="cond" truecount="0" falsecount="2"/>
      <line num="15" count="0" type="cond" truecount="0" falsecount="2"/>
      <line num="16" count="0" type="cond" truecount="0" falsecount="2"/>
      <line num="18" count="0" type="stmt"/>
      <line num="20" count="0" type="stmt"/>
      <line num="23" count="0" type="stmt"/>
      <line num="27" count="0" type="stmt"/>
      <line num="31" count="0" type="stmt"/>
    </file>
    <file name="registry.ts" path="/home/tvenceslau/local-workspace/decaf-ts/injectable-decorators/src/registry.ts">
      <metrics statements="32" coveredstatements="28" conditionals="31" coveredconditionals="22" methods="5" coveredmethods="4"/>
      <line num="2" count="1" type="stmt"/>
      <line num="3" count="1" type="stmt"/>
      <line num="107" count="1" type="stmt"/>
      <line num="108" count="3" type="stmt"/>
      <line num="111" count="0" type="cond" truecount="0" falsecount="1"/>
      <line num="112" count="0" type="stmt"/>
      <line num="122" count="24" type="cond" truecount="1" falsecount="0"/>
      <line num="123" count="24" type="cond" truecount="1" falsecount="0"/>
      <line num="124" count="13" type="stmt"/>
      <line num="128" count="13" type="cond" truecount="2" falsecount="0"/>
      <line num="130" count="24" type="cond" truecount="0" falsecount="1"/>
      <line num="132" count="24" type="cond" truecount="1" falsecount="0"/>
      <line num="133" count="1" type="stmt"/>
      <line num="135" count="23" type="stmt"/>
      <line num="136" count="23" type="cond" truecount="3" falsecount="0"/>
      <line num="137" count="5" type="stmt"/>
      <line num="138" count="18" type="cond" truecount="2" falsecount="0"/>
      <line num="149" count="9" type="stmt"/>
      <line num="151" count="9" type="cond" truecount="1" falsecount="1"/>
      <line num="152" count="9" type="cond" truecount="1" falsecount="2"/>
      <line num="153" count="0" type="stmt"/>
      <line num="157" count="9" type="cond" truecount="1" falsecount="1"/>
      <line num="159" count="9" type="cond" truecount="2" falsecount="1"/>
      <line num="160" count="9" type="stmt"/>
      <line num="170" count="11" type="stmt"/>
      <line num="172" count="11" type="stmt"/>
      <line num="173" count="11" type="stmt"/>
      <line num="175" count="0" type="stmt"/>
      <line num="179" count="11" type="cond" truecount="1" falsecount="0"/>
      <line num="180" count="6" type="stmt"/>
      <line num="182" count="11" type="cond" truecount="1" falsecount="0"/>
      <line num="183" count="11" type="stmt"/>
    </file>
    <file name="utils.ts" path="/home/tvenceslau/local-workspace/decaf-ts/injectable-decorators/src/utils.ts">
      <metrics statements="2" coveredstatements="2" conditionals="0" coveredconditionals="0" methods="1" coveredmethods="1"/>
      <line num="1" count="1" type="stmt"/>
      <line num="11" count="40" type="stmt"/>
    </file>
  </project>
</coverage>
