{"/home/tvenceslau/local-workspace/others/decaf-kit/src/index.ts": {"path":"/home/tvenceslau/local-workspace/others/decaf-kit/src/index.ts","statementMap":{"0":{"start":{"line":2,"column":0},"end":{"line":2,"column":9}},"1":{"start":{"line":2,"column":9},"end":{"line":2,"column":41}},"2":{"start":{"line":5,"column":0},"end":{"line":5,"column":18}}},"fnMap":{"0":{"name":"(anonymous_0)","decl":{"start":{"line":2,"column":9},"end":{"line":2,"column":20}},"loc":{"start":{"line":2,"column":9},"end":{"line":2,"column":41}}}},"branchMap":{},"s":{"0":0,"1":0,"2":0},"f":{"0":0},"b":{}}
,"/home/tvenceslau/local-workspace/others/decaf-kit/src/cli/configureAcronyms.ts": {"path":"/home/tvenceslau/local-workspace/others/decaf-kit/src/cli/configureAcronyms.ts","statementMap":{"0":{"start":{"line":11,"column":0},"end":{"line":11,"column":7}},"1":{"start":{"line":1,"column":0},"end":{"line":1,"column":41}},"2":{"start":{"line":2,"column":0},"end":{"line":2,"column":64}},"3":{"start":{"line":3,"column":0},"end":{"line":3,"column":118}},"4":{"start":{"line":12,"column":2},"end":{"line":12,"column":30}},"5":{"start":{"line":16,"column":21},"end":{"line":16,"column":50}},"6":{"start":{"line":17,"column":19},"end":{"line":17,"column":43}},"7":{"start":{"line":18,"column":18},"end":{"line":18,"column":115}},"8":{"start":{"line":20,"column":2},"end":{"line":23,"column":3}},"9":{"start":{"line":22,"column":4},"end":{"line":22,"column":39}},"10":{"start":{"line":25,"column":2},"end":{"line":29,"column":3}},"11":{"start":{"line":26,"column":4},"end":{"line":26,"column":39}},"12":{"start":{"line":27,"column":4},"end":{"line":27,"column":38}},"13":{"start":{"line":28,"column":4},"end":{"line":28,"column":38}},"14":{"start":{"line":32,"column":13},"end":{"line":32,"column":56}},"15":{"start":{"line":33,"column":2},"end":{"line":55,"column":3}},"16":{"start":{"line":34,"column":4},"end":{"line":34,"column":57}},"17":{"start":{"line":35,"column":4},"end":{"line":35,"column":69}},"18":{"start":{"line":37,"column":4},"end":{"line":41,"column":5}},"19":{"start":{"line":38,"column":22},"end":{"line":38,"column":40}},"20":{"start":{"line":39,"column":21},"end":{"line":39,"column":71}},"21":{"start":{"line":40,"column":6},"end":{"line":40,"column":64}},"22":{"start":{"line":40,"column":35},"end":{"line":40,"column":64}},"23":{"start":{"line":43,"column":20},"end":{"line":43,"column":66}},"24":{"start":{"line":44,"column":4},"end":{"line":49,"column":5}},"25":{"start":{"line":45,"column":6},"end":{"line":45,"column":41}},"26":{"start":{"line":46,"column":6},"end":{"line":46,"column":40}},"27":{"start":{"line":47,"column":6},"end":{"line":47,"column":53}},"28":{"start":{"line":48,"column":6},"end":{"line":48,"column":40}},"29":{"start":{"line":51,"column":4},"end":{"line":51,"column":39}},"30":{"start":{"line":52,"column":4},"end":{"line":52,"column":39}},"31":{"start":{"line":54,"column":4},"end":{"line":54,"column":15}},"32":{"start":{"line":58,"column":0},"end":{"line":58,"column":36}}},"fnMap":{"0":{"name":"runConfigureAcronyms","decl":{"start":{"line":11,"column":22},"end":{"line":11,"column":42}},"loc":{"start":{"line":11,"column":70},"end":{"line":56,"column":1}}}},"branchMap":{"0":{"loc":{"start":{"line":11,"column":43},"end":{"line":11,"column":70}},"type":"default-arg","locations":[{"start":{"line":11,"column":68},"end":{"line":11,"column":70}}]},"1":{"loc":{"start":{"line":18,"column":39},"end":{"line":18,"column":62}},"type":"binary-expr","locations":[{"start":{"line":18,"column":39},"end":{"line":18,"column":56}},{"start":{"line":18,"column":60},"end":{"line":18,"column":62}}]},"2":{"loc":{"start":{"line":18,"column":69},"end":{"line":18,"column":87}},"type":"binary-expr","locations":[{"start":{"line":18,"column":69},"end":{"line":18,"column":81}},{"start":{"line":18,"column":85},"end":{"line":18,"column":87}}]},"3":{"loc":{"start":{"line":20,"column":2},"end":{"line":23,"column":3}},"type":"if","locations":[{"start":{"line":20,"column":2},"end":{"line":23,"column":3}}]},"4":{"loc":{"start":{"line":25,"column":2},"end":{"line":29,"column":3}},"type":"if","locations":[{"start":{"line":25,"column":2},"end":{"line":29,"column":3}}]},"5":{"loc":{"start":{"line":38,"column":22},"end":{"line":38,"column":40}},"type":"binary-expr","locations":[{"start":{"line":38,"column":22},"end":{"line":38,"column":34}},{"start":{"line":38,"column":38},"end":{"line":38,"column":40}}]},"6":{"loc":{"start":{"line":40,"column":6},"end":{"line":40,"column":64}},"type":"if","locations":[{"start":{"line":40,"column":6},"end":{"line":40,"column":64}}]},"7":{"loc":{"start":{"line":40,"column":10},"end":{"line":40,"column":33}},"type":"binary-expr","locations":[{"start":{"line":40,"column":10},"end":{"line":40,"column":16}},{"start":{"line":40,"column":20},"end":{"line":40,"column":33}}]},"8":{"loc":{"start":{"line":44,"column":4},"end":{"line":49,"column":5}},"type":"if","locations":[{"start":{"line":44,"column":4},"end":{"line":49,"column":5}}]}},"s":{"0":1,"1":1,"2":1,"3":1,"4":2,"5":2,"6":2,"7":2,"8":2,"9":1,"10":1,"11":1,"12":1,"13":1,"14":0,"15":0,"16":0,"17":0,"18":0,"19":0,"20":0,"21":0,"22":0,"23":0,"24":0,"25":0,"26":0,"27":0,"28":0,"29":0,"30":0,"31":0,"32":1},"f":{"0":2},"b":{"0":[0],"1":[2,0],"2":[2,1],"3":[1],"4":[1],"5":[0,0],"6":[0],"7":[0,0],"8":[0]}}
,"/home/tvenceslau/local-workspace/others/decaf-kit/src/cli/updateAcronyms.ts": {"path":"/home/tvenceslau/local-workspace/others/decaf-kit/src/cli/updateAcronyms.ts","statementMap":{"0":{"start":{"line":73,"column":0},"end":{"line":73,"column":7}},"1":{"start":{"line":2,"column":0},"end":{"line":2,"column":24}},"2":{"start":{"line":3,"column":0},"end":{"line":3,"column":29}},"3":{"start":{"line":4,"column":0},"end":{"line":4,"column":24}},"4":{"start":{"line":7,"column":18},"end":{"line":7,"column":64}},"5":{"start":{"line":8,"column":2},"end":{"line":17,"column":3}},"6":{"start":{"line":9,"column":17},"end":{"line":9,"column":23}},"7":{"start":{"line":10,"column":4},"end":{"line":10,"column":84}},"8":{"start":{"line":10,"column":75},"end":{"line":10,"column":84}},"9":{"start":{"line":11,"column":17},"end":{"line":11,"column":37}},"10":{"start":{"line":12,"column":4},"end":{"line":16,"column":5}},"11":{"start":{"line":13,"column":6},"end":{"line":13,"column":33}},"12":{"start":{"line":14,"column":11},"end":{"line":16,"column":5}},"13":{"start":{"line":15,"column":6},"end":{"line":15,"column":69}},"14":{"start":{"line":15,"column":50},"end":{"line":15,"column":69}},"15":{"start":{"line":21,"column":16},"end":{"line":21,"column":33}},"16":{"start":{"line":22,"column":2},"end":{"line":22,"column":28}},"17":{"start":{"line":24,"column":41},"end":{"line":24,"column":43}},"18":{"start":{"line":25,"column":2},"end":{"line":44,"column":3}},"19":{"start":{"line":26,"column":21},"end":{"line":26,"column":79}},"20":{"start":{"line":27,"column":4},"end":{"line":40,"column":5}},"21":{"start":{"line":28,"column":18},"end":{"line":28,"column":53}},"22":{"start":{"line":29,"column":16},"end":{"line":29,"column":65}},"23":{"start":{"line":30,"column":20},"end":{"line":30,"column":48}},"24":{"start":{"line":31,"column":6},"end":{"line":39,"column":7}},"25":{"start":{"line":31,"column":12},"end":{"line":31,"column":56}},"26":{"start":{"line":32,"column":8},"end":{"line":32,"column":15}},"27":{"start":{"line":34,"column":22},"end":{"line":34,"column":42}},"28":{"start":{"line":35,"column":8},"end":{"line":38,"column":9}},"29":{"start":{"line":36,"column":21},"end":{"line":36,"column":56}},"30":{"start":{"line":37,"column":10},"end":{"line":37,"column":56}},"31":{"start":{"line":37,"column":18},"end":{"line":37,"column":56}},"32":{"start":{"line":42,"column":4},"end":{"line":42,"column":11}},"33":{"start":{"line":43,"column":4},"end":{"line":43,"column":18}},"34":{"start":{"line":46,"column":18},"end":{"line":46,"column":57}},"35":{"start":{"line":47,"column":18},"end":{"line":47,"column":20}},"36":{"start":{"line":48,"column":23},"end":{"line":48,"column":25}},"37":{"start":{"line":50,"column":2},"end":{"line":65,"column":3}},"38":{"start":{"line":51,"column":4},"end":{"line":64,"column":5}},"39":{"start":{"line":52,"column":18},"end":{"line":52,"column":46}},"40":{"start":{"line":53,"column":25},"end":{"line":53,"column":26}},"41":{"start":{"line":53,"column":28},"end":{"line":53,"column":50}},"42":{"start":{"line":54,"column":6},"end":{"line":57,"column":7}},"43":{"start":{"line":55,"column":20},"end":{"line":55,"column":31}},"44":{"start":{"line":56,"column":8},"end":{"line":56,"column":123}},"45":{"start":{"line":56,"column":74},"end":{"line":56,"column":111}},"46":{"start":{"line":56,"column":115},"end":{"line":56,"column":123}},"47":{"start":{"line":58,"column":6},"end":{"line":61,"column":7}},"48":{"start":{"line":59,"column":8},"end":{"line":59,"column":69}},"49":{"start":{"line":60,"column":8},"end":{"line":60,"column":43}},"50":{"start":{"line":63,"column":6},"end":{"line":63,"column":13}},"51":{"start":{"line":67,"column":17},"end":{"line":67,"column":79}},"52":{"start":{"line":68,"column":2},"end":{"line":68,"column":61}},"53":{"start":{"line":69,"column":2},"end":{"line":69,"column":71}},"54":{"start":{"line":70,"column":2},"end":{"line":70,"column":16}},"55":{"start":{"line":74,"column":20},"end":{"line":74,"column":61}},"56":{"start":{"line":74,"column":35},"end":{"line":74,"column":60}},"57":{"start":{"line":75,"column":18},"end":{"line":75,"column":69}},"58":{"start":{"line":76,"column":14},"end":{"line":76,"column":78}},"59":{"start":{"line":77,"column":18},"end":{"line":77,"column":63}},"60":{"start":{"line":78,"column":17},"end":{"line":78,"column":52}},"61":{"start":{"line":81,"column":2},"end":{"line":141,"column":3}},"62":{"start":{"line":82,"column":22},"end":{"line":82,"column":63}},"63":{"start":{"line":82,"column":37},"end":{"line":82,"column":62}},"64":{"start":{"line":83,"column":19},"end":{"line":83,"column":94}},"65":{"start":{"line":85,"column":21},"end":{"line":85,"column":79}},"66":{"start":{"line":86,"column":43},"end":{"line":86,"column":45}},"67":{"start":{"line":87,"column":4},"end":{"line":101,"column":5}},"68":{"start":{"line":88,"column":18},"end":{"line":88,"column":53}},"69":{"start":{"line":89,"column":16},"end":{"line":89,"column":65}},"70":{"start":{"line":90,"column":20},"end":{"line":90,"column":48}},"71":{"start":{"line":91,"column":6},"end":{"line":97,"column":7}},"72":{"start":{"line":91,"column":12},"end":{"line":91,"column":65}},"73":{"start":{"line":91,"column":80},"end":{"line":91,"column":87}},"74":{"start":{"line":92,"column":24},"end":{"line":92,"column":44}},"75":{"start":{"line":93,"column":8},"end":{"line":96,"column":9}},"76":{"start":{"line":94,"column":21},"end":{"line":94,"column":56}},"77":{"start":{"line":95,"column":10},"end":{"line":95,"column":65}},"78":{"start":{"line":95,"column":19},"end":{"line":95,"column":65}},"79":{"start":{"line":99,"column":6},"end":{"line":99,"column":13}},"80":{"start":{"line":100,"column":6},"end":{"line":100,"column":20}},"81":{"start":{"line":104,"column":20},"end":{"line":104,"column":59}},"82":{"start":{"line":105,"column":4},"end":{"line":123,"column":5}},"83":{"start":{"line":106,"column":6},"end":{"line":122,"column":7}},"84":{"start":{"line":107,"column":25},"end":{"line":107,"column":34}},"85":{"start":{"line":108,"column":18},"end":{"line":108,"column":53}},"86":{"start":{"line":109,"column":8},"end":{"line":117,"column":11}},"87":{"start":{"line":110,"column":22},"end":{"line":110,"column":31}},"88":{"start":{"line":111,"column":24},"end":{"line":111,"column":94}},"89":{"start":{"line":111,"column":56},"end":{"line":111,"column":93}},"90":{"start":{"line":112,"column":10},"end":{"line":112,"column":44}},"91":{"start":{"line":112,"column":21},"end":{"line":112,"column":44}},"92":{"start":{"line":113,"column":10},"end":{"line":113,"column":50}},"93":{"start":{"line":113,"column":29},"end":{"line":113,"column":50}},"94":{"start":{"line":115,"column":27},"end":{"line":115,"column":136}},"95":{"start":{"line":115,"column":63},"end":{"line":115,"column":115}},"96":{"start":{"line":116,"column":10},"end":{"line":116,"column":33}},"97":{"start":{"line":118,"column":8},"end":{"line":118,"column":50}},"98":{"start":{"line":120,"column":10},"end":{"line":120,"column":17}},"99":{"start":{"line":126,"column":21},"end":{"line":126,"column":23}},"100":{"start":{"line":127,"column":4},"end":{"line":137,"column":5}},"101":{"start":{"line":128,"column":23},"end":{"line":128,"column":52}},"102":{"start":{"line":129,"column":6},"end":{"line":129,"column":78}},"103":{"start":{"line":130,"column":6},"end":{"line":130,"column":63}},"104":{"start":{"line":131,"column":6},"end":{"line":131,"column":102}},"105":{"start":{"line":132,"column":6},"end":{"line":132,"column":100}},"106":{"start":{"line":134,"column":6},"end":{"line":134,"column":13}},"107":{"start":{"line":136,"column":6},"end":{"line":136,"column":22}},"108":{"start":{"line":139,"column":21},"end":{"line":139,"column":66}},"109":{"start":{"line":140,"column":4},"end":{"line":140,"column":101}},"110":{"start":{"line":143,"column":2},"end":{"line":143,"column":17}},"111":{"start":{"line":146,"column":0},"end":{"line":146,"column":36}},"112":{"start":{"line":147,"column":19},"end":{"line":156,"column":4}},"113":{"start":{"line":148,"column":2},"end":{"line":155,"column":3}},"114":{"start":{"line":150,"column":14},"end":{"line":150,"column":50}},"115":{"start":{"line":151,"column":4},"end":{"line":151,"column":40}},"116":{"start":{"line":154,"column":4},"end":{"line":154,"column":27}},"117":{"start":{"line":158,"column":0},"end":{"line":160,"column":1}},"118":{"start":{"line":159,"column":2},"end":{"line":159,"column":136}},"119":{"start":{"line":159,"column":56},"end":{"line":159,"column":79}},"120":{"start":{"line":159,"column":96},"end":{"line":159,"column":115}},"121":{"start":{"line":159,"column":116},"end":{"line":159,"column":132}},"122":{"start":{"line":162,"column":0},"end":{"line":162,"column":36}}},"fnMap":{"0":{"name":"walk","decl":{"start":{"line":6,"column":15},"end":{"line":6,"column":19}},"loc":{"start":{"line":6,"column":54},"end":{"line":18,"column":1}}},"1":{"name":"scanAndWrite","decl":{"start":{"line":20,"column":15},"end":{"line":20,"column":27}},"loc":{"start":{"line":20,"column":59},"end":{"line":71,"column":1}}},"2":{"name":"(anonymous_12)","decl":{"start":{"line":56,"column":69},"end":{"line":56,"column":70}},"loc":{"start":{"line":56,"column":74},"end":{"line":56,"column":111}}},"3":{"name":"runUpdateAcronymsCLI","decl":{"start":{"line":73,"column":22},"end":{"line":73,"column":42}},"loc":{"start":{"line":73,"column":81},"end":{"line":144,"column":1}}},"4":{"name":"(anonymous_14)","decl":{"start":{"line":74,"column":30},"end":{"line":74,"column":31}},"loc":{"start":{"line":74,"column":35},"end":{"line":74,"column":60}}},"5":{"name":"(anonymous_15)","decl":{"start":{"line":82,"column":32},"end":{"line":82,"column":33}},"loc":{"start":{"line":82,"column":37},"end":{"line":82,"column":62}}},"6":{"name":"(anonymous_16)","decl":{"start":{"line":109,"column":35},"end":{"line":109,"column":36}},"loc":{"start":{"line":109,"column":46},"end":{"line":117,"column":9}}},"7":{"name":"(anonymous_17)","decl":{"start":{"line":111,"column":51},"end":{"line":111,"column":52}},"loc":{"start":{"line":111,"column":56},"end":{"line":111,"column":93}}},"8":{"name":"(anonymous_18)","decl":{"start":{"line":115,"column":48},"end":{"line":115,"column":49}},"loc":{"start":{"line":115,"column":63},"end":{"line":115,"column":115}}},"9":{"name":"(anonymous_19)","decl":{"start":{"line":128,"column":23},"end":{"line":128,"column":36}},"loc":{"start":{"line":128,"column":23},"end":{"line":128,"column":52}}},"10":{"name":"(anonymous_20)","decl":{"start":{"line":147,"column":20},"end":{"line":147,"column":23}},"loc":{"start":{"line":147,"column":25},"end":{"line":156,"column":1}}},"11":{"name":"(anonymous_21)","decl":{"start":{"line":159,"column":51},"end":{"line":159,"column":52}},"loc":{"start":{"line":159,"column":56},"end":{"line":159,"column":79}}},"12":{"name":"(anonymous_22)","decl":{"start":{"line":159,"column":87},"end":{"line":159,"column":90}},"loc":{"start":{"line":159,"column":93},"end":{"line":159,"column":134}}}},"branchMap":{"0":{"loc":{"start":{"line":10,"column":4},"end":{"line":10,"column":84}},"type":"if","locations":[{"start":{"line":10,"column":4},"end":{"line":10,"column":84}}]},"1":{"loc":{"start":{"line":10,"column":8},"end":{"line":10,"column":73}},"type":"binary-expr","locations":[{"start":{"line":10,"column":8},"end":{"line":10,"column":31}},{"start":{"line":10,"column":35},"end":{"line":10,"column":50}},{"start":{"line":10,"column":54},"end":{"line":10,"column":73}}]},"2":{"loc":{"start":{"line":12,"column":4},"end":{"line":16,"column":5}},"type":"if","locations":[{"start":{"line":12,"column":4},"end":{"line":16,"column":5}},{"start":{"line":14,"column":11},"end":{"line":16,"column":5}}]},"3":{"loc":{"start":{"line":14,"column":11},"end":{"line":16,"column":5}},"type":"if","locations":[{"start":{"line":14,"column":11},"end":{"line":16,"column":5}}]},"4":{"loc":{"start":{"line":15,"column":6},"end":{"line":15,"column":69}},"type":"if","locations":[{"start":{"line":15,"column":6},"end":{"line":15,"column":69}}]},"5":{"loc":{"start":{"line":27,"column":4},"end":{"line":40,"column":5}},"type":"if","locations":[{"start":{"line":27,"column":4},"end":{"line":40,"column":5}}]},"6":{"loc":{"start":{"line":30,"column":20},"end":{"line":30,"column":48}},"type":"cond-expr","locations":[{"start":{"line":30,"column":24},"end":{"line":30,"column":35}},{"start":{"line":30,"column":38},"end":{"line":30,"column":48}}]},"7":{"loc":{"start":{"line":31,"column":23},"end":{"line":31,"column":55}},"type":"binary-expr","locations":[{"start":{"line":31,"column":23},"end":{"line":31,"column":49}},{"start":{"line":31,"column":53},"end":{"line":31,"column":55}}]},"8":{"loc":{"start":{"line":37,"column":10},"end":{"line":37,"column":56}},"type":"if","locations":[{"start":{"line":37,"column":10},"end":{"line":37,"column":56}}]},"9":{"loc":{"start":{"line":56,"column":8},"end":{"line":56,"column":123}},"type":"if","locations":[{"start":{"line":56,"column":8},"end":{"line":56,"column":123}}]},"10":{"loc":{"start":{"line":56,"column":12},"end":{"line":56,"column":113}},"type":"binary-expr","locations":[{"start":{"line":56,"column":12},"end":{"line":56,"column":20}},{"start":{"line":56,"column":25},"end":{"line":56,"column":38}},{"start":{"line":56,"column":42},"end":{"line":56,"column":112}}]},"11":{"loc":{"start":{"line":58,"column":6},"end":{"line":61,"column":7}},"type":"if","locations":[{"start":{"line":58,"column":6},"end":{"line":61,"column":7}}]},"12":{"loc":{"start":{"line":73,"column":43},"end":{"line":73,"column":81}},"type":"default-arg","locations":[{"start":{"line":73,"column":60},"end":{"line":73,"column":81}}]},"13":{"loc":{"start":{"line":75,"column":18},"end":{"line":75,"column":69}},"type":"cond-expr","locations":[{"start":{"line":75,"column":30},"end":{"line":75,"column":53}},{"start":{"line":75,"column":56},"end":{"line":75,"column":69}}]},"14":{"loc":{"start":{"line":81,"column":2},"end":{"line":141,"column":3}},"type":"if","locations":[{"start":{"line":81,"column":2},"end":{"line":141,"column":3}}]},"15":{"loc":{"start":{"line":83,"column":19},"end":{"line":83,"column":94}},"type":"cond-expr","locations":[{"start":{"line":83,"column":31},"end":{"line":83,"column":54}},{"start":{"line":83,"column":57},"end":{"line":83,"column":94}}]},"16":{"loc":{"start":{"line":90,"column":20},"end":{"line":90,"column":48}},"type":"cond-expr","locations":[{"start":{"line":90,"column":24},"end":{"line":90,"column":35}},{"start":{"line":90,"column":38},"end":{"line":90,"column":48}}]},"17":{"loc":{"start":{"line":91,"column":24},"end":{"line":91,"column":64}},"type":"binary-expr","locations":[{"start":{"line":91,"column":24},"end":{"line":91,"column":58}},{"start":{"line":91,"column":62},"end":{"line":91,"column":64}}]},"18":{"loc":{"start":{"line":95,"column":10},"end":{"line":95,"column":65}},"type":"if","locations":[{"start":{"line":95,"column":10},"end":{"line":95,"column":65}}]},"19":{"loc":{"start":{"line":112,"column":10},"end":{"line":112,"column":44}},"type":"if","locations":[{"start":{"line":112,"column":10},"end":{"line":112,"column":44}}]},"20":{"loc":{"start":{"line":113,"column":10},"end":{"line":113,"column":50}},"type":"if","locations":[{"start":{"line":113,"column":10},"end":{"line":113,"column":50}}]},"21":{"loc":{"start":{"line":115,"column":64},"end":{"line":115,"column":100}},"type":"binary-expr","locations":[{"start":{"line":115,"column":64},"end":{"line":115,"column":96}},{"start":{"line":115,"column":98},"end":{"line":115,"column":100}}]},"22":{"loc":{"start":{"line":116,"column":17},"end":{"line":116,"column":32}},"type":"binary-expr","locations":[{"start":{"line":116,"column":17},"end":{"line":116,"column":25}},{"start":{"line":116,"column":29},"end":{"line":116,"column":32}}]},"23":{"loc":{"start":{"line":158,"column":0},"end":{"line":160,"column":1}},"type":"if","locations":[{"start":{"line":158,"column":0},"end":{"line":160,"column":1}}]}},"s":{"0":0,"1":0,"2":0,"3":0,"4":0,"5":0,"6":0,"7":0,"8":0,"9":0,"10":0,"11":0,"12":0,"13":0,"14":0,"15":0,"16":0,"17":0,"18":0,"19":0,"20":0,"21":0,"22":0,"23":0,"24":0,"25":0,"26":0,"27":0,"28":0,"29":0,"30":0,"31":0,"32":0,"33":0,"34":0,"35":0,"36":0,"37":0,"38":0,"39":0,"40":0,"41":0,"42":0,"43":0,"44":0,"45":0,"46":0,"47":0,"48":0,"49":0,"50":0,"51":0,"52":0,"53":0,"54":0,"55":0,"56":0,"57":0,"58":0,"59":0,"60":0,"61":0,"62":0,"63":0,"64":0,"65":0,"66":0,"67":0,"68":0,"69":0,"70":0,"71":0,"72":0,"73":0,"74":0,"75":0,"76":0,"77":0,"78":0,"79":0,"80":0,"81":0,"82":0,"83":0,"84":0,"85":0,"86":0,"87":0,"88":0,"89":0,"90":0,"91":0,"92":0,"93":0,"94":0,"95":0,"96":0,"97":0,"98":0,"99":0,"100":0,"101":0,"102":0,"103":0,"104":0,"105":0,"106":0,"107":0,"108":0,"109":0,"110":0,"111":0,"112":0,"113":0,"114":0,"115":0,"116":0,"117":0,"118":0,"119":0,"120":0,"121":0,"122":0},"f":{"0":0,"1":0,"2":0,"3":0,"4":0,"5":0,"6":0,"7":0,"8":0,"9":0,"10":0,"11":0,"12":0},"b":{"0":[0],"1":[0,0,0],"2":[0,0],"3":[0],"4":[0],"5":[0],"6":[0,0],"7":[0,0],"8":[0],"9":[0],"10":[0,0,0],"11":[0],"12":[0],"13":[0,0],"14":[0],"15":[0,0],"16":[0,0],"17":[0,0],"18":[0],"19":[0],"20":[0],"21":[0,0],"22":[0,0],"23":[0]}}
,"/home/tvenceslau/local-workspace/others/decaf-kit/src/lib/branchValidator.ts": {"path":"/home/tvenceslau/local-workspace/others/decaf-kit/src/lib/branchValidator.ts","statementMap":{"0":{"start":{"line":3,"column":0},"end":{"line":3,"column":16}},"1":{"start":{"line":4,"column":2},"end":{"line":4,"column":32}},"2":{"start":{"line":4,"column":19},"end":{"line":4,"column":32}},"3":{"start":{"line":5,"column":15},"end":{"line":5,"column":32}},"4":{"start":{"line":6,"column":2},"end":{"line":13,"column":3}},"5":{"start":{"line":7,"column":4},"end":{"line":12,"column":5}},"6":{"start":{"line":8,"column":17},"end":{"line":8,"column":50}},"7":{"start":{"line":9,"column":6},"end":{"line":9,"column":27}},"8":{"start":{"line":11,"column":8},"end":{"line":11,"column":15}},"9":{"start":{"line":14,"column":2},"end":{"line":16,"column":3}},"10":{"start":{"line":15,"column":4},"end":{"line":15,"column":100}},"11":{"start":{"line":18,"column":2},"end":{"line":18,"column":33}},"12":{"start":{"line":21,"column":0},"end":{"line":21,"column":38}}},"fnMap":{"0":{"name":"validateBranchName","decl":{"start":{"line":3,"column":16},"end":{"line":3,"column":34}},"loc":{"start":{"line":3,"column":76},"end":{"line":19,"column":1}}}},"branchMap":{"0":{"loc":{"start":{"line":4,"column":2},"end":{"line":4,"column":32}},"type":"if","locations":[{"start":{"line":4,"column":2},"end":{"line":4,"column":32}}]},"1":{"loc":{"start":{"line":6,"column":2},"end":{"line":13,"column":3}},"type":"if","locations":[{"start":{"line":6,"column":2},"end":{"line":13,"column":3}}]},"2":{"loc":{"start":{"line":6,"column":6},"end":{"line":6,"column":37}},"type":"binary-expr","locations":[{"start":{"line":6,"column":6},"end":{"line":6,"column":12}},{"start":{"line":6,"column":16},"end":{"line":6,"column":37}}]},"3":{"loc":{"start":{"line":14,"column":2},"end":{"line":16,"column":3}},"type":"if","locations":[{"start":{"line":14,"column":2},"end":{"line":16,"column":3}}]},"4":{"loc":{"start":{"line":14,"column":6},"end":{"line":14,"column":36}},"type":"binary-expr","locations":[{"start":{"line":14,"column":6},"end":{"line":14,"column":12}},{"start":{"line":14,"column":16},"end":{"line":14,"column":36}}]},"5":{"loc":{"start":{"line":15,"column":11},"end":{"line":15,"column":99}},"type":"binary-expr","locations":[{"start":{"line":15,"column":11},"end":{"line":15,"column":54}},{"start":{"line":15,"column":58},"end":{"line":15,"column":99}}]}},"s":{"0":1,"1":3,"2":0,"3":3,"4":3,"5":2,"6":2,"7":2,"8":0,"9":1,"10":0,"11":1,"12":1},"f":{"0":3},"b":{"0":[0],"1":[2],"2":[3,2],"3":[0],"4":[1,0],"5":[0,0]}}
,"/home/tvenceslau/local-workspace/others/decaf-kit/src/lib/constitution.ts": {"path":"/home/tvenceslau/local-workspace/others/decaf-kit/src/lib/constitution.ts","statementMap":{"0":{"start":{"line":10,"column":0},"end":{"line":10,"column":7}},"1":{"start":{"line":15,"column":0},"end":{"line":15,"column":16}},"2":{"start":{"line":27,"column":0},"end":{"line":27,"column":16}},"3":{"start":{"line":50,"column":0},"end":{"line":50,"column":7}},"4":{"start":{"line":145,"column":0},"end":{"line":145,"column":7}},"5":{"start":{"line":168,"column":0},"end":{"line":168,"column":7}},"6":{"start":{"line":295,"column":0},"end":{"line":295,"column":7}},"7":{"start":{"line":335,"column":0},"end":{"line":335,"column":7}},"8":{"start":{"line":340,"column":0},"end":{"line":340,"column":7}},"9":{"start":{"line":345,"column":0},"end":{"line":345,"column":7}},"10":{"start":{"line":1,"column":0},"end":{"line":1,"column":36}},"11":{"start":{"line":2,"column":0},"end":{"line":2,"column":24}},"12":{"start":{"line":5,"column":24},"end":{"line":8,"column":2}},"13":{"start":{"line":11,"column":12},"end":{"line":11,"column":71}},"14":{"start":{"line":12,"column":2},"end":{"line":12,"column":32}},"15":{"start":{"line":16,"column":19},"end":{"line":16,"column":57}},"16":{"start":{"line":17,"column":17},"end":{"line":17,"column":53}},"17":{"start":{"line":18,"column":2},"end":{"line":20,"column":3}},"18":{"start":{"line":19,"column":4},"end":{"line":19,"column":55}},"19":{"start":{"line":21,"column":16},"end":{"line":21,"column":85}},"20":{"start":{"line":22,"column":17},"end":{"line":22,"column":43}},"21":{"start":{"line":23,"column":16},"end":{"line":23,"column":66}},"22":{"start":{"line":24,"column":2},"end":{"line":24,"column":34}},"23":{"start":{"line":28,"column":14},"end":{"line":28,"column":32}},"24":{"start":{"line":29,"column":17},"end":{"line":29,"column":39}},"25":{"start":{"line":30,"column":15},"end":{"line":30,"column":36}},"26":{"start":{"line":31,"column":14},"end":{"line":31,"column":83}},"27":{"start":{"line":33,"column":16},"end":{"line":46,"column":4}},"28":{"start":{"line":37,"column":43},"end":{"line":37,"column":61}},"29":{"start":{"line":39,"column":46},"end":{"line":39,"column":85}},"30":{"start":{"line":41,"column":44},"end":{"line":41,"column":74}},"31":{"start":{"line":47,"column":2},"end":{"line":47,"column":26}},"32":{"start":{"line":51,"column":12},"end":{"line":51,"column":71}},"33":{"start":{"line":52,"column":16},"end":{"line":52,"column":18}},"34":{"start":{"line":53,"column":2},"end":{"line":58,"column":3}},"35":{"start":{"line":54,"column":4},"end":{"line":54,"column":43}},"36":{"start":{"line":56,"column":4},"end":{"line":56,"column":13}},"37":{"start":{"line":57,"column":4},"end":{"line":57,"column":43}},"38":{"start":{"line":59,"column":27},"end":{"line":59,"column":56}},"39":{"start":{"line":60,"column":2},"end":{"line":63,"column":3}},"40":{"start":{"line":62,"column":4},"end":{"line":62,"column":11}},"41":{"start":{"line":67,"column":2},"end":{"line":95,"column":3}},"42":{"start":{"line":68,"column":19},"end":{"line":68,"column":57}},"43":{"start":{"line":69,"column":14},"end":{"line":69,"column":35}},"44":{"start":{"line":70,"column":4},"end":{"line":94,"column":5}},"45":{"start":{"line":72,"column":26},"end":{"line":72,"column":28}},"46":{"start":{"line":73,"column":20},"end":{"line":73,"column":71}},"47":{"start":{"line":73,"column":49},"end":{"line":73,"column":70}},"48":{"start":{"line":74,"column":25},"end":{"line":74,"column":31}},"49":{"start":{"line":75,"column":6},"end":{"line":88,"column":7}},"50":{"start":{"line":76,"column":8},"end":{"line":76,"column":59}},"51":{"start":{"line":76,"column":50},"end":{"line":76,"column":59}},"52":{"start":{"line":77,"column":19},"end":{"line":77,"column":48}},"53":{"start":{"line":78,"column":8},"end":{"line":78,"column":26}},"54":{"start":{"line":78,"column":17},"end":{"line":78,"column":26}},"55":{"start":{"line":79,"column":20},"end":{"line":79,"column":32}},"56":{"start":{"line":80,"column":20},"end":{"line":80,"column":61}},"57":{"start":{"line":81,"column":8},"end":{"line":87,"column":9}},"58":{"start":{"line":82,"column":10},"end":{"line":82,"column":28}},"59":{"start":{"line":83,"column":10},"end":{"line":83,"column":33}},"60":{"start":{"line":85,"column":22},"end":{"line":85,"column":47}},"61":{"start":{"line":86,"column":10},"end":{"line":86,"column":79}},"62":{"start":{"line":90,"column":6},"end":{"line":90,"column":108}},"63":{"start":{"line":90,"column":27},"end":{"line":90,"column":108}},"64":{"start":{"line":91,"column":6},"end":{"line":91,"column":124}},"65":{"start":{"line":91,"column":31},"end":{"line":91,"column":124}},"66":{"start":{"line":92,"column":6},"end":{"line":92,"column":120}},"67":{"start":{"line":92,"column":30},"end":{"line":92,"column":120}},"68":{"start":{"line":93,"column":6},"end":{"line":93,"column":107}},"69":{"start":{"line":93,"column":57},"end":{"line":93,"column":107}},"70":{"start":{"line":96,"column":19},"end":{"line":96,"column":47}},"71":{"start":{"line":97,"column":21},"end":{"line":97,"column":56}},"72":{"start":{"line":98,"column":2},"end":{"line":98,"column":55}},"73":{"start":{"line":99,"column":2},"end":{"line":99,"column":44}},"74":{"start":{"line":101,"column":2},"end":{"line":112,"column":3}},"75":{"start":{"line":102,"column":25},"end":{"line":102,"column":80}},"76":{"start":{"line":103,"column":22},"end":{"line":108,"column":6}},"77":{"start":{"line":109,"column":4},"end":{"line":109,"column":76}},"78":{"start":{"line":111,"column":6},"end":{"line":111,"column":13}},"79":{"start":{"line":119,"column":2},"end":{"line":142,"column":3}},"80":{"start":{"line":120,"column":4},"end":{"line":141,"column":5}},"81":{"start":{"line":124,"column":6},"end":{"line":124,"column":43}},"82":{"start":{"line":124,"column":6},"end":{"line":124,"column":42}},"83":{"start":{"line":126,"column":6},"end":{"line":126,"column":15}},"84":{"start":{"line":127,"column":6},"end":{"line":140,"column":7}},"85":{"start":{"line":128,"column":29},"end":{"line":128,"column":58}},"86":{"start":{"line":130,"column":8},"end":{"line":130,"column":89}},"87":{"start":{"line":132,"column":8},"end":{"line":132,"column":15}},"88":{"start":{"line":133,"column":8},"end":{"line":139,"column":9}},"89":{"start":{"line":134,"column":27},"end":{"line":134,"column":77}},"90":{"start":{"line":135,"column":23},"end":{"line":135,"column":143}},"91":{"start":{"line":136,"column":10},"end":{"line":136,"column":53}},"92":{"start":{"line":138,"column":10},"end":{"line":138,"column":18}},"93":{"start":{"line":146,"column":12},"end":{"line":146,"column":71}},"94":{"start":{"line":147,"column":18},"end":{"line":147,"column":47}},"95":{"start":{"line":148,"column":20},"end":{"line":148,"column":49}},"96":{"start":{"line":149,"column":2},"end":{"line":149,"column":24}},"97":{"start":{"line":149,"column":14},"end":{"line":149,"column":24}},"98":{"start":{"line":151,"column":26},"end":{"line":151,"column":28}},"99":{"start":{"line":152,"column":20},"end":{"line":152,"column":96}},"100":{"start":{"line":152,"column":52},"end":{"line":152,"column":95}},"101":{"start":{"line":153,"column":2},"end":{"line":164,"column":3}},"102":{"start":{"line":154,"column":14},"end":{"line":154,"column":64}},"103":{"start":{"line":155,"column":4},"end":{"line":163,"column":5}},"104":{"start":{"line":156,"column":18},"end":{"line":156,"column":29}},"105":{"start":{"line":157,"column":18},"end":{"line":157,"column":29}},"106":{"start":{"line":158,"column":6},"end":{"line":162,"column":7}},"107":{"start":{"line":159,"column":8},"end":{"line":159,"column":23}},"108":{"start":{"line":160,"column":13},"end":{"line":162,"column":7}},"109":{"start":{"line":165,"column":2},"end":{"line":165,"column":13}},"110":{"start":{"line":169,"column":12},"end":{"line":169,"column":71}},"111":{"start":{"line":170,"column":16},"end":{"line":170,"column":18}},"112":{"start":{"line":171,"column":2},"end":{"line":176,"column":3}},"113":{"start":{"line":172,"column":4},"end":{"line":172,"column":43}},"114":{"start":{"line":174,"column":4},"end":{"line":174,"column":13}},"115":{"start":{"line":175,"column":4},"end":{"line":175,"column":43}},"116":{"start":{"line":177,"column":35},"end":{"line":177,"column":64}},"117":{"start":{"line":178,"column":35},"end":{"line":178,"column":78}},"118":{"start":{"line":179,"column":19},"end":{"line":179,"column":45}},"119":{"start":{"line":180,"column":21},"end":{"line":180,"column":89}},"120":{"start":{"line":181,"column":2},"end":{"line":181,"column":44}},"121":{"start":{"line":189,"column":21},"end":{"line":189,"column":34}},"122":{"start":{"line":190,"column":4},"end":{"line":190,"column":93}},"123":{"start":{"line":194,"column":4},"end":{"line":199,"column":5}},"124":{"start":{"line":195,"column":6},"end":{"line":195,"column":54}},"125":{"start":{"line":197,"column":6},"end":{"line":197,"column":13}},"126":{"start":{"line":198,"column":6},"end":{"line":198,"column":42}},"127":{"start":{"line":204,"column":24},"end":{"line":204,"column":49}},"128":{"start":{"line":205,"column":22},"end":{"line":205,"column":45}},"129":{"start":{"line":206,"column":21},"end":{"line":206,"column":44}},"130":{"start":{"line":207,"column":19},"end":{"line":207,"column":40}},"131":{"start":{"line":208,"column":4},"end":{"line":213,"column":5}},"132":{"start":{"line":209,"column":22},"end":{"line":209,"column":69}},"133":{"start":{"line":210,"column":22},"end":{"line":210,"column":60}},"134":{"start":{"line":211,"column":21},"end":{"line":211,"column":43}},"135":{"start":{"line":212,"column":6},"end":{"line":212,"column":35}},"136":{"start":{"line":212,"column":18},"end":{"line":212,"column":35}},"137":{"start":{"line":215,"column":15},"end":{"line":215,"column":53}},"138":{"start":{"line":216,"column":14},"end":{"line":216,"column":26}},"139":{"start":{"line":217,"column":4},"end":{"line":217,"column":27}},"140":{"start":{"line":221,"column":15},"end":{"line":221,"column":35}},"141":{"start":{"line":222,"column":17},"end":{"line":222,"column":42}},"142":{"start":{"line":223,"column":4},"end":{"line":223,"column":25}},"143":{"start":{"line":223,"column":15},"end":{"line":223,"column":25}},"144":{"start":{"line":225,"column":4},"end":{"line":251,"column":5}},"145":{"start":{"line":226,"column":6},"end":{"line":226,"column":50}},"146":{"start":{"line":227,"column":18},"end":{"line":227,"column":25}},"147":{"start":{"line":229,"column":23},"end":{"line":229,"column":25}},"148":{"start":{"line":230,"column":20},"end":{"line":230,"column":73}},"149":{"start":{"line":230,"column":51},"end":{"line":230,"column":72}},"150":{"start":{"line":231,"column":21},"end":{"line":231,"column":24}},"151":{"start":{"line":232,"column":6},"end":{"line":246,"column":3}},"152":{"start":{"line":233,"column":8},"end":{"line":233,"column":52}},"153":{"start":{"line":233,"column":43},"end":{"line":233,"column":52}},"154":{"start":{"line":234,"column":18},"end":{"line":234,"column":54}},"155":{"start":{"line":235,"column":8},"end":{"line":235,"column":25}},"156":{"start":{"line":235,"column":16},"end":{"line":235,"column":25}},"157":{"start":{"line":236,"column":20},"end":{"line":236,"column":31}},"158":{"start":{"line":237,"column":20},"end":{"line":237,"column":79}},"159":{"start":{"line":238,"column":8},"end":{"line":245,"column":9}},"160":{"start":{"line":239,"column":10},"end":{"line":239,"column":28}},"161":{"start":{"line":240,"column":10},"end":{"line":240,"column":33}},"162":{"start":{"line":243,"column":20},"end":{"line":243,"column":45}},"163":{"start":{"line":244,"column":10},"end":{"line":244,"column":73}},"164":{"start":{"line":248,"column":6},"end":{"line":248,"column":43}},"165":{"start":{"line":248,"column":25},"end":{"line":248,"column":43}},"166":{"start":{"line":249,"column":6},"end":{"line":249,"column":58}},"167":{"start":{"line":249,"column":29},"end":{"line":249,"column":58}},"168":{"start":{"line":250,"column":6},"end":{"line":250,"column":37}},"169":{"start":{"line":255,"column":15},"end":{"line":255,"column":77}},"170":{"start":{"line":255,"column":48},"end":{"line":255,"column":76}},"171":{"start":{"line":256,"column":17},"end":{"line":256,"column":48}},"172":{"start":{"line":257,"column":21},"end":{"line":257,"column":37}},"173":{"start":{"line":259,"column":24},"end":{"line":259,"column":26}},"174":{"start":{"line":260,"column":4},"end":{"line":264,"column":5}},"175":{"start":{"line":261,"column":6},"end":{"line":261,"column":50}},"176":{"start":{"line":263,"column":6},"end":{"line":263,"column":13}},"177":{"start":{"line":265,"column":4},"end":{"line":265,"column":38}},"178":{"start":{"line":266,"column":18},"end":{"line":266,"column":49}},"179":{"start":{"line":267,"column":16},"end":{"line":267,"column":72}},"180":{"start":{"line":268,"column":4},"end":{"line":268,"column":69}},"181":{"start":{"line":269,"column":4},"end":{"line":269,"column":53}},"182":{"start":{"line":273,"column":14},"end":{"line":273,"column":31}},"183":{"start":{"line":274,"column":4},"end":{"line":274,"column":63}},"184":{"start":{"line":278,"column":17},"end":{"line":278,"column":34}},"185":{"start":{"line":279,"column":4},"end":{"line":279,"column":72}},"186":{"start":{"line":280,"column":4},"end":{"line":280,"column":27}},"187":{"start":{"line":284,"column":14},"end":{"line":284,"column":31}},"188":{"start":{"line":285,"column":4},"end":{"line":285,"column":79}},"189":{"start":{"line":289,"column":14},"end":{"line":289,"column":31}},"190":{"start":{"line":290,"column":4},"end":{"line":290,"column":32}},"191":{"start":{"line":291,"column":4},"end":{"line":291,"column":24}},"192":{"start":{"line":185,"column":0},"end":{"line":185,"column":13}},"193":{"start":{"line":296,"column":12},"end":{"line":296,"column":35}},"194":{"start":{"line":300,"column":2},"end":{"line":307,"column":3}},"195":{"start":{"line":301,"column":19},"end":{"line":301,"column":33}},"196":{"start":{"line":302,"column":4},"end":{"line":304,"column":5}},"197":{"start":{"line":303,"column":6},"end":{"line":303,"column":20}},"198":{"start":{"line":306,"column":4},"end":{"line":306,"column":11}},"199":{"start":{"line":310,"column":2},"end":{"line":324,"column":3}},"200":{"start":{"line":311,"column":16},"end":{"line":311,"column":44}},"201":{"start":{"line":312,"column":14},"end":{"line":312,"column":62}},"202":{"start":{"line":313,"column":4},"end":{"line":321,"column":5}},"203":{"start":{"line":314,"column":20},"end":{"line":314,"column":24}},"204":{"start":{"line":315,"column":23},"end":{"line":315,"column":25}},"205":{"start":{"line":316,"column":6},"end":{"line":319,"column":7}},"206":{"start":{"line":317,"column":19},"end":{"line":317,"column":79}},"207":{"start":{"line":318,"column":8},"end":{"line":318,"column":49}},"208":{"start":{"line":318,"column":16},"end":{"line":318,"column":49}},"209":{"start":{"line":320,"column":6},"end":{"line":320,"column":51}},"210":{"start":{"line":323,"column":4},"end":{"line":323,"column":11}},"211":{"start":{"line":325,"column":19},"end":{"line":325,"column":74}},"212":{"start":{"line":326,"column":2},"end":{"line":331,"column":3}},"213":{"start":{"line":327,"column":16},"end":{"line":327,"column":51}},"214":{"start":{"line":328,"column":4},"end":{"line":328,"column":47}},"215":{"start":{"line":330,"column":4},"end":{"line":330,"column":11}},"216":{"start":{"line":332,"column":2},"end":{"line":332,"column":32}},"217":{"start":{"line":336,"column":12},"end":{"line":336,"column":35}},"218":{"start":{"line":337,"column":2},"end":{"line":337,"column":23}},"219":{"start":{"line":341,"column":12},"end":{"line":341,"column":35}},"220":{"start":{"line":342,"column":2},"end":{"line":342,"column":25}},"221":{"start":{"line":346,"column":12},"end":{"line":346,"column":77}},"222":{"start":{"line":347,"column":2},"end":{"line":373,"column":3}},"223":{"start":{"line":348,"column":16},"end":{"line":348,"column":44}},"224":{"start":{"line":350,"column":20},"end":{"line":350,"column":45}},"225":{"start":{"line":351,"column":16},"end":{"line":351,"column":29}},"226":{"start":{"line":352,"column":4},"end":{"line":355,"column":5}},"227":{"start":{"line":353,"column":16},"end":{"line":353,"column":65}},"228":{"start":{"line":354,"column":6},"end":{"line":354,"column":26}},"229":{"start":{"line":354,"column":13},"end":{"line":354,"column":26}},"230":{"start":{"line":356,"column":4},"end":{"line":356,"column":26}},"231":{"start":{"line":356,"column":16},"end":{"line":356,"column":26}},"232":{"start":{"line":357,"column":18},"end":{"line":357,"column":70}},"233":{"start":{"line":357,"column":48},"end":{"line":357,"column":69}},"234":{"start":{"line":358,"column":39},"end":{"line":358,"column":41}},"235":{"start":{"line":359,"column":16},"end":{"line":359,"column":21}},"236":{"start":{"line":360,"column":4},"end":{"line":368,"column":5}},"237":{"start":{"line":361,"column":6},"end":{"line":361,"column":26}},"238":{"start":{"line":361,"column":17},"end":{"line":361,"column":26}},"239":{"start":{"line":362,"column":6},"end":{"line":362,"column":66}},"240":{"start":{"line":362,"column":41},"end":{"line":362,"column":54}},"241":{"start":{"line":362,"column":55},"end":{"line":362,"column":64}},"242":{"start":{"line":363,"column":6},"end":{"line":363,"column":64}},"243":{"start":{"line":363,"column":58},"end":{"line":363,"column":64}},"244":{"start":{"line":364,"column":6},"end":{"line":367,"column":7}},"245":{"start":{"line":365,"column":19},"end":{"line":365,"column":66}},"246":{"start":{"line":366,"column":8},"end":{"line":366,"column":49}},"247":{"start":{"line":366,"column":16},"end":{"line":366,"column":49}},"248":{"start":{"line":369,"column":4},"end":{"line":369,"column":15}},"249":{"start":{"line":371,"column":4},"end":{"line":371,"column":11}},"250":{"start":{"line":372,"column":4},"end":{"line":372,"column":14}},"251":{"start":{"line":376,"column":0},"end":{"line":376,"column":33}}},"fnMap":{"0":{"name":"readConstitutionFile","decl":{"start":{"line":10,"column":22},"end":{"line":10,"column":42}},"loc":{"start":{"line":10,"column":60},"end":{"line":13,"column":1}}},"1":{"name":"extractAcronymsBlock","decl":{"start":{"line":15,"column":16},"end":{"line":15,"column":36}},"loc":{"start":{"line":15,"column":52},"end":{"line":25,"column":1}}},"2":{"name":"buildAcronymsBlock","decl":{"start":{"line":27,"column":16},"end":{"line":27,"column":34}},"loc":{"start":{"line":27,"column":56},"end":{"line":48,"column":1}}},"3":{"name":"(anonymous_13)","decl":{"start":{"line":37,"column":31},"end":{"line":37,"column":32}},"loc":{"start":{"line":37,"column":43},"end":{"line":37,"column":61}}},"4":{"name":"(anonymous_14)","decl":{"start":{"line":39,"column":34},"end":{"line":39,"column":35}},"loc":{"start":{"line":39,"column":46},"end":{"line":39,"column":85}}},"5":{"name":"(anonymous_15)","decl":{"start":{"line":41,"column":32},"end":{"line":41,"column":33}},"loc":{"start":{"line":41,"column":44},"end":{"line":41,"column":74}}},"6":{"name":"ensureAcronymsBlock","decl":{"start":{"line":50,"column":22},"end":{"line":50,"column":41}},"loc":{"start":{"line":50,"column":99},"end":{"line":143,"column":1}}},"7":{"name":"(anonymous_17)","decl":{"start":{"line":73,"column":44},"end":{"line":73,"column":45}},"loc":{"start":{"line":73,"column":49},"end":{"line":73,"column":70}}},"8":{"name":"(anonymous_18)","decl":{"start":{"line":124,"column":6},"end":{"line":124,"column":19}},"loc":{"start":{"line":124,"column":6},"end":{"line":124,"column":42}}},"9":{"name":"(anonymous_19)","decl":{"start":{"line":128,"column":29},"end":{"line":128,"column":42}},"loc":{"start":{"line":128,"column":29},"end":{"line":128,"column":58}}},"10":{"name":"readAcronyms","decl":{"start":{"line":145,"column":22},"end":{"line":145,"column":34}},"loc":{"start":{"line":145,"column":52},"end":{"line":166,"column":1}}},"11":{"name":"(anonymous_21)","decl":{"start":{"line":152,"column":45},"end":{"line":152,"column":46}},"loc":{"start":{"line":152,"column":52},"end":{"line":152,"column":95}}},"12":{"name":"updateAcronyms","decl":{"start":{"line":168,"column":22},"end":{"line":168,"column":36}},"loc":{"start":{"line":168,"column":74},"end":{"line":182,"column":1}}},"13":{"name":"(anonymous_23)","decl":{"start":{"line":188,"column":2},"end":{"line":188,"column":14}},"loc":{"start":{"line":188,"column":31},"end":{"line":191,"column":3}}},"14":{"name":"(anonymous_24)","decl":{"start":{"line":193,"column":2},"end":{"line":193,"column":7}},"loc":{"start":{"line":193,"column":15},"end":{"line":200,"column":3}}},"15":{"name":"(anonymous_25)","decl":{"start":{"line":202,"column":10},"end":{"line":202,"column":26}},"loc":{"start":{"line":202,"column":37},"end":{"line":218,"column":3}}},"16":{"name":"(anonymous_26)","decl":{"start":{"line":220,"column":2},"end":{"line":220,"column":7}},"loc":{"start":{"line":220,"column":12},"end":{"line":252,"column":3}}},"17":{"name":"(anonymous_27)","decl":{"start":{"line":230,"column":44},"end":{"line":230,"column":45}},"loc":{"start":{"line":230,"column":51},"end":{"line":230,"column":72}}},"18":{"name":"(anonymous_28)","decl":{"start":{"line":254,"column":2},"end":{"line":254,"column":7}},"loc":{"start":{"line":254,"column":36},"end":{"line":270,"column":3}}},"19":{"name":"(anonymous_29)","decl":{"start":{"line":255,"column":42},"end":{"line":255,"column":45}},"loc":{"start":{"line":255,"column":48},"end":{"line":255,"column":76}}},"20":{"name":"(anonymous_30)","decl":{"start":{"line":272,"column":2},"end":{"line":272,"column":7}},"loc":{"start":{"line":272,"column":19},"end":{"line":275,"column":3}}},"21":{"name":"(anonymous_31)","decl":{"start":{"line":277,"column":2},"end":{"line":277,"column":7}},"loc":{"start":{"line":277,"column":47},"end":{"line":281,"column":3}}},"22":{"name":"(anonymous_32)","decl":{"start":{"line":283,"column":2},"end":{"line":283,"column":7}},"loc":{"start":{"line":283,"column":21},"end":{"line":286,"column":3}}},"23":{"name":"(anonymous_33)","decl":{"start":{"line":288,"column":2},"end":{"line":288,"column":7}},"loc":{"start":{"line":288,"column":36},"end":{"line":292,"column":3}}},"24":{"name":"readConstitution","decl":{"start":{"line":295,"column":22},"end":{"line":295,"column":38}},"loc":{"start":{"line":295,"column":38},"end":{"line":333,"column":1}}},"25":{"name":"writeConstitution","decl":{"start":{"line":335,"column":22},"end":{"line":335,"column":39}},"loc":{"start":{"line":335,"column":62},"end":{"line":338,"column":1}}},"26":{"name":"getAcronyms","decl":{"start":{"line":340,"column":22},"end":{"line":340,"column":33}},"loc":{"start":{"line":340,"column":33},"end":{"line":343,"column":1}}},"27":{"name":"parseAcronymsFromFile","decl":{"start":{"line":345,"column":22},"end":{"line":345,"column":43}},"loc":{"start":{"line":345,"column":61},"end":{"line":374,"column":1}}},"28":{"name":"(anonymous_38)","decl":{"start":{"line":357,"column":43},"end":{"line":357,"column":44}},"loc":{"start":{"line":357,"column":48},"end":{"line":357,"column":69}}}},"branchMap":{"0":{"loc":{"start":{"line":11,"column":12},"end":{"line":11,"column":71}},"type":"binary-expr","locations":[{"start":{"line":11,"column":12},"end":{"line":11,"column":20}},{"start":{"line":11,"column":24},"end":{"line":11,"column":71}}]},"1":{"loc":{"start":{"line":18,"column":2},"end":{"line":20,"column":3}},"type":"if","locations":[{"start":{"line":18,"column":2},"end":{"line":20,"column":3}}]},"2":{"loc":{"start":{"line":18,"column":6},"end":{"line":18,"column":60}},"type":"binary-expr","locations":[{"start":{"line":18,"column":6},"end":{"line":18,"column":21}},{"start":{"line":18,"column":25},"end":{"line":18,"column":38}},{"start":{"line":18,"column":42},"end":{"line":18,"column":60}}]},"3":{"loc":{"start":{"line":28,"column":14},"end":{"line":28,"column":32}},"type":"binary-expr","locations":[{"start":{"line":28,"column":14},"end":{"line":28,"column":26}},{"start":{"line":28,"column":30},"end":{"line":28,"column":32}}]},"4":{"loc":{"start":{"line":29,"column":17},"end":{"line":29,"column":39}},"type":"binary-expr","locations":[{"start":{"line":29,"column":17},"end":{"line":29,"column":33}},{"start":{"line":29,"column":37},"end":{"line":29,"column":39}}]},"5":{"loc":{"start":{"line":30,"column":15},"end":{"line":30,"column":36}},"type":"binary-expr","locations":[{"start":{"line":30,"column":15},"end":{"line":30,"column":30}},{"start":{"line":30,"column":34},"end":{"line":30,"column":36}}]},"6":{"loc":{"start":{"line":31,"column":14},"end":{"line":31,"column":83}},"type":"cond-expr","locations":[{"start":{"line":31,"column":57},"end":{"line":31,"column":76}},{"start":{"line":31,"column":79},"end":{"line":31,"column":83}}]},"7":{"loc":{"start":{"line":39,"column":66},"end":{"line":39,"column":81}},"type":"binary-expr","locations":[{"start":{"line":39,"column":66},"end":{"line":39,"column":75}},{"start":{"line":39,"column":79},"end":{"line":39,"column":81}}]},"8":{"loc":{"start":{"line":50,"column":42},"end":{"line":50,"column":80}},"type":"default-arg","locations":[{"start":{"line":50,"column":71},"end":{"line":50,"column":80}}]},"9":{"loc":{"start":{"line":51,"column":12},"end":{"line":51,"column":71}},"type":"binary-expr","locations":[{"start":{"line":51,"column":12},"end":{"line":51,"column":20}},{"start":{"line":51,"column":24},"end":{"line":51,"column":71}}]},"10":{"loc":{"start":{"line":60,"column":2},"end":{"line":63,"column":3}},"type":"if","locations":[{"start":{"line":60,"column":2},"end":{"line":63,"column":3}}]},"11":{"loc":{"start":{"line":67,"column":2},"end":{"line":95,"column":3}},"type":"if","locations":[{"start":{"line":67,"column":2},"end":{"line":95,"column":3}}]},"12":{"loc":{"start":{"line":70,"column":4},"end":{"line":94,"column":5}},"type":"if","locations":[{"start":{"line":70,"column":4},"end":{"line":94,"column":5}}]},"13":{"loc":{"start":{"line":70,"column":8},"end":{"line":70,"column":39}},"type":"binary-expr","locations":[{"start":{"line":70,"column":8},"end":{"line":70,"column":9}},{"start":{"line":70,"column":13},"end":{"line":70,"column":39}}]},"14":{"loc":{"start":{"line":76,"column":8},"end":{"line":76,"column":59}},"type":"if","locations":[{"start":{"line":76,"column":8},"end":{"line":76,"column":59}}]},"15":{"loc":{"start":{"line":76,"column":12},"end":{"line":76,"column":48}},"type":"binary-expr","locations":[{"start":{"line":76,"column":12},"end":{"line":76,"column":17}},{"start":{"line":76,"column":21},"end":{"line":76,"column":48}}]},"16":{"loc":{"start":{"line":78,"column":8},"end":{"line":78,"column":26}},"type":"if","locations":[{"start":{"line":78,"column":8},"end":{"line":78,"column":26}}]},"17":{"loc":{"start":{"line":80,"column":20},"end":{"line":80,"column":61}},"type":"cond-expr","locations":[{"start":{"line":80,"column":42},"end":{"line":80,"column":46}},{"start":{"line":80,"column":49},"end":{"line":80,"column":61}}]},"18":{"loc":{"start":{"line":81,"column":8},"end":{"line":87,"column":9}},"type":"if","locations":[{"start":{"line":81,"column":8},"end":{"line":87,"column":9}},{"start":{"line":84,"column":15},"end":{"line":87,"column":9}}]},"19":{"loc":{"start":{"line":81,"column":12},"end":{"line":81,"column":38}},"type":"binary-expr","locations":[{"start":{"line":81,"column":12},"end":{"line":81,"column":22}},{"start":{"line":81,"column":26},"end":{"line":81,"column":38}}]},"20":{"loc":{"start":{"line":86,"column":25},"end":{"line":86,"column":78}},"type":"cond-expr","locations":[{"start":{"line":86,"column":42},"end":{"line":86,"column":46}},{"start":{"line":86,"column":49},"end":{"line":86,"column":78}}]},"21":{"loc":{"start":{"line":86,"column":49},"end":{"line":86,"column":78}},"type":"cond-expr","locations":[{"start":{"line":86,"column":67},"end":{"line":86,"column":72}},{"start":{"line":86,"column":75},"end":{"line":86,"column":78}}]},"22":{"loc":{"start":{"line":90,"column":6},"end":{"line":90,"column":108}},"type":"if","locations":[{"start":{"line":90,"column":6},"end":{"line":90,"column":108}}]},"23":{"loc":{"start":{"line":90,"column":53},"end":{"line":90,"column":76}},"type":"binary-expr","locations":[{"start":{"line":90,"column":53},"end":{"line":90,"column":70}},{"start":{"line":90,"column":74},"end":{"line":90,"column":76}}]},"24":{"loc":{"start":{"line":90,"column":83},"end":{"line":90,"column":104}},"type":"binary-expr","locations":[{"start":{"line":90,"column":83},"end":{"line":90,"column":98}},{"start":{"line":90,"column":102},"end":{"line":90,"column":104}}]},"25":{"loc":{"start":{"line":91,"column":6},"end":{"line":91,"column":124}},"type":"if","locations":[{"start":{"line":91,"column":6},"end":{"line":91,"column":124}}]},"26":{"loc":{"start":{"line":91,"column":61},"end":{"line":91,"column":88}},"type":"binary-expr","locations":[{"start":{"line":91,"column":61},"end":{"line":91,"column":82}},{"start":{"line":91,"column":86},"end":{"line":91,"column":88}}]},"27":{"loc":{"start":{"line":91,"column":95},"end":{"line":91,"column":120}},"type":"binary-expr","locations":[{"start":{"line":91,"column":95},"end":{"line":91,"column":114}},{"start":{"line":91,"column":118},"end":{"line":91,"column":120}}]},"28":{"loc":{"start":{"line":92,"column":6},"end":{"line":92,"column":120}},"type":"if","locations":[{"start":{"line":92,"column":6},"end":{"line":92,"column":120}}]},"29":{"loc":{"start":{"line":92,"column":59},"end":{"line":92,"column":85}},"type":"binary-expr","locations":[{"start":{"line":92,"column":59},"end":{"line":92,"column":79}},{"start":{"line":92,"column":83},"end":{"line":92,"column":85}}]},"30":{"loc":{"start":{"line":92,"column":92},"end":{"line":92,"column":116}},"type":"binary-expr","locations":[{"start":{"line":92,"column":92},"end":{"line":92,"column":110}},{"start":{"line":92,"column":114},"end":{"line":92,"column":116}}]},"31":{"loc":{"start":{"line":93,"column":6},"end":{"line":93,"column":107}},"type":"if","locations":[{"start":{"line":93,"column":6},"end":{"line":93,"column":107}}]},"32":{"loc":{"start":{"line":104,"column":16},"end":{"line":104,"column":53}},"type":"binary-expr","locations":[{"start":{"line":104,"column":17},"end":{"line":104,"column":25}},{"start":{"line":104,"column":29},"end":{"line":104,"column":46}},{"start":{"line":104,"column":51},"end":{"line":104,"column":53}}]},"33":{"loc":{"start":{"line":105,"column":20},"end":{"line":105,"column":61}},"type":"binary-expr","locations":[{"start":{"line":105,"column":21},"end":{"line":105,"column":29}},{"start":{"line":105,"column":33},"end":{"line":105,"column":54}},{"start":{"line":105,"column":59},"end":{"line":105,"column":61}}]},"34":{"loc":{"start":{"line":106,"column":19},"end":{"line":106,"column":59}},"type":"binary-expr","locations":[{"start":{"line":106,"column":20},"end":{"line":106,"column":28}},{"start":{"line":106,"column":32},"end":{"line":106,"column":52}},{"start":{"line":106,"column":57},"end":{"line":106,"column":59}}]},"35":{"loc":{"start":{"line":107,"column":23},"end":{"line":107,"column":116}},"type":"cond-expr","locations":[{"start":{"line":107,"column":85},"end":{"line":107,"column":109}},{"start":{"line":107,"column":112},"end":{"line":107,"column":116}}]},"36":{"loc":{"start":{"line":107,"column":31},"end":{"line":107,"column":67}},"type":"binary-expr","locations":[{"start":{"line":107,"column":31},"end":{"line":107,"column":39}},{"start":{"line":107,"column":43},"end":{"line":107,"column":67}}]},"37":{"loc":{"start":{"line":119,"column":2},"end":{"line":142,"column":3}},"type":"if","locations":[{"start":{"line":119,"column":2},"end":{"line":142,"column":3}}]},"38":{"loc":{"start":{"line":146,"column":12},"end":{"line":146,"column":71}},"type":"binary-expr","locations":[{"start":{"line":146,"column":12},"end":{"line":146,"column":20}},{"start":{"line":146,"column":24},"end":{"line":146,"column":71}}]},"39":{"loc":{"start":{"line":149,"column":2},"end":{"line":149,"column":24}},"type":"if","locations":[{"start":{"line":149,"column":2},"end":{"line":149,"column":24}}]},"40":{"loc":{"start":{"line":152,"column":52},"end":{"line":152,"column":95}},"type":"binary-expr","locations":[{"start":{"line":152,"column":52},"end":{"line":152,"column":76}},{"start":{"line":152,"column":80},"end":{"line":152,"column":95}}]},"41":{"loc":{"start":{"line":155,"column":4},"end":{"line":163,"column":5}},"type":"if","locations":[{"start":{"line":155,"column":4},"end":{"line":163,"column":5}}]},"42":{"loc":{"start":{"line":158,"column":6},"end":{"line":162,"column":7}},"type":"if","locations":[{"start":{"line":158,"column":6},"end":{"line":162,"column":7}},{"start":{"line":160,"column":13},"end":{"line":162,"column":7}}]},"43":{"loc":{"start":{"line":158,"column":10},"end":{"line":158,"column":117}},"type":"binary-expr","locations":[{"start":{"line":158,"column":10},"end":{"line":158,"column":28}},{"start":{"line":158,"column":32},"end":{"line":158,"column":54}},{"start":{"line":158,"column":58},"end":{"line":158,"column":79}},{"start":{"line":158,"column":83},"end":{"line":158,"column":117}}]},"44":{"loc":{"start":{"line":160,"column":13},"end":{"line":162,"column":7}},"type":"if","locations":[{"start":{"line":160,"column":13},"end":{"line":162,"column":7}}]},"45":{"loc":{"start":{"line":169,"column":12},"end":{"line":169,"column":71}},"type":"binary-expr","locations":[{"start":{"line":169,"column":12},"end":{"line":169,"column":20}},{"start":{"line":169,"column":24},"end":{"line":169,"column":71}}]},"46":{"loc":{"start":{"line":180,"column":21},"end":{"line":180,"column":89}},"type":"cond-expr","locations":[{"start":{"line":180,"column":29},"end":{"line":180,"column":59}},{"start":{"line":180,"column":62},"end":{"line":180,"column":89}}]},"47":{"loc":{"start":{"line":190,"column":20},"end":{"line":190,"column":92}},"type":"binary-expr","locations":[{"start":{"line":190,"column":20},"end":{"line":190,"column":28}},{"start":{"line":190,"column":32},"end":{"line":190,"column":92}}]},"48":{"loc":{"start":{"line":208,"column":4},"end":{"line":213,"column":5}},"type":"if","locations":[{"start":{"line":208,"column":4},"end":{"line":213,"column":5}}]},"49":{"loc":{"start":{"line":208,"column":8},"end":{"line":208,"column":61}},"type":"binary-expr","locations":[{"start":{"line":208,"column":8},"end":{"line":208,"column":23}},{"start":{"line":208,"column":27},"end":{"line":208,"column":40}},{"start":{"line":208,"column":44},"end":{"line":208,"column":61}}]},"50":{"loc":{"start":{"line":212,"column":6},"end":{"line":212,"column":35}},"type":"if","locations":[{"start":{"line":212,"column":6},"end":{"line":212,"column":35}}]},"51":{"loc":{"start":{"line":217,"column":11},"end":{"line":217,"column":26}},"type":"cond-expr","locations":[{"start":{"line":217,"column":15},"end":{"line":217,"column":19}},{"start":{"line":217,"column":22},"end":{"line":217,"column":26}}]},"52":{"loc":{"start":{"line":223,"column":4},"end":{"line":223,"column":25}},"type":"if","locations":[{"start":{"line":223,"column":4},"end":{"line":223,"column":25}}]},"53":{"loc":{"start":{"line":233,"column":8},"end":{"line":233,"column":52}},"type":"if","locations":[{"start":{"line":233,"column":8},"end":{"line":233,"column":52}}]},"54":{"loc":{"start":{"line":233,"column":12},"end":{"line":233,"column":41}},"type":"binary-expr","locations":[{"start":{"line":233,"column":12},"end":{"line":233,"column":17}},{"start":{"line":233,"column":21},"end":{"line":233,"column":41}}]},"55":{"loc":{"start":{"line":235,"column":8},"end":{"line":235,"column":25}},"type":"if","locations":[{"start":{"line":235,"column":8},"end":{"line":235,"column":25}}]},"56":{"loc":{"start":{"line":237,"column":20},"end":{"line":237,"column":79}},"type":"cond-expr","locations":[{"start":{"line":237,"column":56},"end":{"line":237,"column":65}},{"start":{"line":237,"column":68},"end":{"line":237,"column":79}}]},"57":{"loc":{"start":{"line":237,"column":20},"end":{"line":237,"column":53}},"type":"binary-expr","locations":[{"start":{"line":237,"column":20},"end":{"line":237,"column":38}},{"start":{"line":237,"column":42},"end":{"line":237,"column":53}}]},"58":{"loc":{"start":{"line":238,"column":8},"end":{"line":245,"column":9}},"type":"if","locations":[{"start":{"line":238,"column":8},"end":{"line":245,"column":9}},{"start":{"line":241,"column":15},"end":{"line":245,"column":9}}]},"59":{"loc":{"start":{"line":244,"column":25},"end":{"line":244,"column":72}},"type":"cond-expr","locations":[{"start":{"line":244,"column":40},"end":{"line":244,"column":44}},{"start":{"line":244,"column":47},"end":{"line":244,"column":72}}]},"60":{"loc":{"start":{"line":244,"column":47},"end":{"line":244,"column":72}},"type":"cond-expr","locations":[{"start":{"line":244,"column":63},"end":{"line":244,"column":68}},{"start":{"line":244,"column":71},"end":{"line":244,"column":72}}]},"61":{"loc":{"start":{"line":248,"column":6},"end":{"line":248,"column":43}},"type":"if","locations":[{"start":{"line":248,"column":6},"end":{"line":248,"column":43}}]},"62":{"loc":{"start":{"line":249,"column":6},"end":{"line":249,"column":58}},"type":"if","locations":[{"start":{"line":249,"column":6},"end":{"line":249,"column":58}}]},"63":{"loc":{"start":{"line":256,"column":17},"end":{"line":256,"column":48}},"type":"binary-expr","locations":[{"start":{"line":256,"column":17},"end":{"line":256,"column":42}},{"start":{"line":256,"column":46},"end":{"line":256,"column":48}}]},"64":{"loc":{"start":{"line":257,"column":21},"end":{"line":257,"column":37}},"type":"cond-expr","locations":[{"start":{"line":257,"column":28},"end":{"line":257,"column":32}},{"start":{"line":257,"column":35},"end":{"line":257,"column":37}}]},"65":{"loc":{"start":{"line":265,"column":26},"end":{"line":265,"column":36}},"type":"binary-expr","locations":[{"start":{"line":265,"column":26},"end":{"line":265,"column":30}},{"start":{"line":265,"column":34},"end":{"line":265,"column":36}}]},"66":{"loc":{"start":{"line":274,"column":11},"end":{"line":274,"column":62}},"type":"binary-expr","locations":[{"start":{"line":274,"column":12},"end":{"line":274,"column":13}},{"start":{"line":274,"column":18},"end":{"line":274,"column":55}},{"start":{"line":274,"column":60},"end":{"line":274,"column":62}}]},"67":{"loc":{"start":{"line":279,"column":26},"end":{"line":279,"column":45}},"type":"binary-expr","locations":[{"start":{"line":279,"column":26},"end":{"line":279,"column":39}},{"start":{"line":279,"column":43},"end":{"line":279,"column":45}}]},"68":{"loc":{"start":{"line":279,"column":52},"end":{"line":279,"column":61}},"type":"binary-expr","locations":[{"start":{"line":279,"column":52},"end":{"line":279,"column":55}},{"start":{"line":279,"column":59},"end":{"line":279,"column":61}}]},"69":{"loc":{"start":{"line":285,"column":11},"end":{"line":285,"column":78}},"type":"cond-expr","locations":[{"start":{"line":285,"column":45},"end":{"line":285,"column":49}},{"start":{"line":285,"column":52},"end":{"line":285,"column":78}}]},"70":{"loc":{"start":{"line":302,"column":4},"end":{"line":304,"column":5}},"type":"if","locations":[{"start":{"line":302,"column":4},"end":{"line":304,"column":5}}]},"71":{"loc":{"start":{"line":302,"column":8},"end":{"line":302,"column":80}},"type":"binary-expr","locations":[{"start":{"line":302,"column":8},"end":{"line":302,"column":14}},{"start":{"line":302,"column":19},"end":{"line":302,"column":34}},{"start":{"line":302,"column":38},"end":{"line":302,"column":57}},{"start":{"line":302,"column":61},"end":{"line":302,"column":79}}]},"72":{"loc":{"start":{"line":313,"column":4},"end":{"line":321,"column":5}},"type":"if","locations":[{"start":{"line":313,"column":4},"end":{"line":321,"column":5}}]},"73":{"loc":{"start":{"line":318,"column":8},"end":{"line":318,"column":49}},"type":"if","locations":[{"start":{"line":318,"column":8},"end":{"line":318,"column":49}}]},"74":{"loc":{"start":{"line":346,"column":12},"end":{"line":346,"column":77}},"type":"binary-expr","locations":[{"start":{"line":346,"column":12},"end":{"line":346,"column":20}},{"start":{"line":346,"column":24},"end":{"line":346,"column":77}}]},"75":{"loc":{"start":{"line":352,"column":4},"end":{"line":355,"column":5}},"type":"if","locations":[{"start":{"line":352,"column":4},"end":{"line":355,"column":5}}]},"76":{"loc":{"start":{"line":354,"column":6},"end":{"line":354,"column":26}},"type":"if","locations":[{"start":{"line":354,"column":6},"end":{"line":354,"column":26}}]},"77":{"loc":{"start":{"line":356,"column":4},"end":{"line":356,"column":26}},"type":"if","locations":[{"start":{"line":356,"column":4},"end":{"line":356,"column":26}}]},"78":{"loc":{"start":{"line":361,"column":6},"end":{"line":361,"column":26}},"type":"if","locations":[{"start":{"line":361,"column":6},"end":{"line":361,"column":26}}]},"79":{"loc":{"start":{"line":362,"column":6},"end":{"line":362,"column":66}},"type":"if","locations":[{"start":{"line":362,"column":6},"end":{"line":362,"column":66}}]},"80":{"loc":{"start":{"line":363,"column":6},"end":{"line":363,"column":64}},"type":"if","locations":[{"start":{"line":363,"column":6},"end":{"line":363,"column":64}}]},"81":{"loc":{"start":{"line":363,"column":10},"end":{"line":363,"column":56}},"type":"binary-expr","locations":[{"start":{"line":363,"column":10},"end":{"line":363,"column":26}},{"start":{"line":363,"column":30},"end":{"line":363,"column":35}},{"start":{"line":363,"column":39},"end":{"line":363,"column":56}}]},"82":{"loc":{"start":{"line":364,"column":6},"end":{"line":367,"column":7}},"type":"if","locations":[{"start":{"line":364,"column":6},"end":{"line":367,"column":7}}]},"83":{"loc":{"start":{"line":366,"column":8},"end":{"line":366,"column":49}},"type":"if","locations":[{"start":{"line":366,"column":8},"end":{"line":366,"column":49}}]}},"s":{"0":3,"1":3,"2":3,"3":3,"4":3,"5":3,"6":3,"7":3,"8":3,"9":3,"10":3,"11":3,"12":3,"13":0,"14":0,"15":5,"16":5,"17":5,"18":3,"19":2,"20":2,"21":2,"22":2,"23":3,"24":3,"25":3,"26":3,"27":3,"28":6,"29":0,"30":0,"31":3,"32":3,"33":3,"34":3,"35":3,"36":0,"37":0,"38":3,"39":3,"40":0,"41":3,"42":3,"43":3,"44":3,"45":2,"46":2,"47":12,"48":2,"49":2,"50":12,"51":2,"52":10,"53":10,"54":0,"55":10,"56":10,"57":10,"58":2,"59":2,"60":8,"61":8,"62":2,"63":2,"64":2,"65":0,"66":2,"67":0,"68":2,"69":2,"70":3,"71":3,"72":3,"73":3,"74":3,"75":3,"76":3,"77":3,"78":0,"79":3,"80":0,"81":0,"82":0,"83":0,"84":0,"85":0,"86":0,"87":0,"88":0,"89":0,"90":0,"91":0,"92":0,"93":0,"94":0,"95":0,"96":0,"97":0,"98":0,"99":0,"100":0,"101":0,"102":0,"103":0,"104":0,"105":0,"106":0,"107":0,"108":0,"109":0,"110":0,"111":0,"112":0,"113":0,"114":0,"115":0,"116":0,"117":0,"118":0,"119":0,"120":0,"121":18,"122":18,"123":22,"124":22,"125":1,"126":1,"127":22,"128":22,"129":22,"130":22,"131":22,"132":5,"133":5,"134":5,"135":5,"136":5,"137":17,"138":17,"139":17,"140":16,"141":16,"142":16,"143":0,"144":16,"145":16,"146":10,"147":10,"148":10,"149":80,"150":10,"151":10,"152":80,"153":15,"154":65,"155":65,"156":0,"157":65,"158":65,"159":65,"160":20,"161":20,"162":45,"163":45,"164":10,"165":0,"166":10,"167":10,"168":10,"169":6,"170":0,"171":6,"172":6,"173":6,"174":6,"175":6,"176":5,"177":6,"178":6,"179":6,"180":6,"181":6,"182":6,"183":6,"184":1,"185":1,"186":1,"187":2,"188":2,"189":1,"190":1,"191":1,"192":3,"193":5,"194":5,"195":5,"196":5,"197":5,"198":0,"199":0,"200":0,"201":0,"202":0,"203":0,"204":0,"205":0,"206":0,"207":0,"208":0,"209":0,"210":0,"211":0,"212":0,"213":0,"214":0,"215":0,"216":0,"217":3,"218":3,"219":0,"220":0,"221":2,"222":2,"223":2,"224":2,"225":2,"226":2,"227":0,"228":0,"229":0,"230":2,"231":0,"232":2,"233":18,"234":2,"235":2,"236":2,"237":12,"238":0,"239":12,"240":2,"241":2,"242":10,"243":2,"244":8,"245":6,"246":6,"247":6,"248":2,"249":0,"250":0,"251":3},"f":{"0":0,"1":5,"2":3,"3":6,"4":0,"5":0,"6":3,"7":12,"8":0,"9":0,"10":0,"11":0,"12":0,"13":18,"14":22,"15":22,"16":16,"17":80,"18":6,"19":0,"20":6,"21":1,"22":2,"23":1,"24":5,"25":3,"26":0,"27":2,"28":18},"b":{"0":[0,0],"1":[3],"2":[5,2,2],"3":[3,1],"4":[3,3],"5":[3,3],"6":[2,1],"7":[0,0],"8":[3],"9":[3,3],"10":[0],"11":[3],"12":[2],"13":[3,3],"14":[2],"15":[12,10],"16":[0],"17":[2,8],"18":[2,8],"19":[10,10],"20":[2,6],"21":[0,6],"22":[2],"23":[2,2],"24":[2,0],"25":[0],"26":[0,0],"27":[0,0],"28":[0],"29":[0,0],"30":[0,0],"31":[2],"32":[3,3,1],"33":[3,3,3],"34":[3,3,3],"35":[2,1],"36":[3,3],"37":[0],"38":[0,0],"39":[0],"40":[0,0],"41":[0],"42":[0,0],"43":[0,0,0,0],"44":[0],"45":[0,0],"46":[0,0],"47":[18,8],"48":[5],"49":[22,5,5],"50":[5],"51":[16,1],"52":[0],"53":[15],"54":[80,65],"55":[0],"56":[20,45],"57":[65,45],"58":[20,45],"59":[10,35],"60":[0,35],"61":[0],"62":[10],"63":[6,1],"64":[5,1],"65":[6,0],"66":[6,6,0],"67":[1,0],"68":[1,0],"69":[0,2],"70":[5],"71":[5,5,0,0],"72":[0],"73":[0],"74":[2,2],"75":[0],"76":[0],"77":[0],"78":[0],"79":[2],"80":[2],"81":[10,2,2],"82":[6],"83":[6]}}
,"/home/tvenceslau/local-workspace/others/decaf-kit/src/lib/gitUtils.ts": {"path":"/home/tvenceslau/local-workspace/others/decaf-kit/src/lib/gitUtils.ts","statementMap":{"0":{"start":{"line":3,"column":0},"end":{"line":3,"column":16}},"1":{"start":{"line":11,"column":0},"end":{"line":11,"column":16}},"2":{"start":{"line":19,"column":0},"end":{"line":19,"column":16}},"3":{"start":{"line":25,"column":0},"end":{"line":25,"column":16}},"4":{"start":{"line":1,"column":0},"end":{"line":1,"column":41}},"5":{"start":{"line":4,"column":2},"end":{"line":8,"column":3}},"6":{"start":{"line":5,"column":4},"end":{"line":5,"column":79}},"7":{"start":{"line":7,"column":4},"end":{"line":7,"column":84}},"8":{"start":{"line":12,"column":2},"end":{"line":16,"column":3}},"9":{"start":{"line":13,"column":4},"end":{"line":13,"column":54}},"10":{"start":{"line":15,"column":4},"end":{"line":15,"column":18}},"11":{"start":{"line":20,"column":15},"end":{"line":20,"column":37}},"12":{"start":{"line":21,"column":2},"end":{"line":21,"column":44}},"13":{"start":{"line":22,"column":2},"end":{"line":22,"column":14}},"14":{"start":{"line":26,"column":2},"end":{"line":33,"column":3}},"15":{"start":{"line":27,"column":4},"end":{"line":27,"column":26}},"16":{"start":{"line":28,"column":4},"end":{"line":28,"column":63}},"17":{"start":{"line":29,"column":4},"end":{"line":29,"column":49}},"18":{"start":{"line":31,"column":4},"end":{"line":31,"column":11}},"19":{"start":{"line":32,"column":4},"end":{"line":32,"column":14}},"20":{"start":{"line":36,"column":0},"end":{"line":36,"column":66}}},"fnMap":{"0":{"name":"runGit","decl":{"start":{"line":3,"column":16},"end":{"line":3,"column":22}},"loc":{"start":{"line":3,"column":48},"end":{"line":9,"column":1}}},"1":{"name":"currentBranch","decl":{"start":{"line":11,"column":16},"end":{"line":11,"column":29}},"loc":{"start":{"line":11,"column":42},"end":{"line":17,"column":1}}},"2":{"name":"createBranch","decl":{"start":{"line":19,"column":16},"end":{"line":19,"column":28}},"loc":{"start":{"line":19,"column":70},"end":{"line":23,"column":1}}},"3":{"name":"commitAll","decl":{"start":{"line":25,"column":16},"end":{"line":25,"column":25}},"loc":{"start":{"line":25,"column":80},"end":{"line":34,"column":1}}}},"branchMap":{"0":{"loc":{"start":{"line":7,"column":42},"end":{"line":7,"column":80}},"type":"cond-expr","locations":[{"start":{"line":7,"column":59},"end":{"line":7,"column":68}},{"start":{"line":7,"column":71},"end":{"line":7,"column":80}}]},"1":{"loc":{"start":{"line":7,"column":42},"end":{"line":7,"column":56}},"type":"binary-expr","locations":[{"start":{"line":7,"column":42},"end":{"line":7,"column":43}},{"start":{"line":7,"column":47},"end":{"line":7,"column":56}}]},"2":{"loc":{"start":{"line":20,"column":15},"end":{"line":20,"column":37}},"type":"cond-expr","locations":[{"start":{"line":20,"column":22},"end":{"line":20,"column":32}},{"start":{"line":20,"column":35},"end":{"line":20,"column":37}}]},"3":{"loc":{"start":{"line":25,"column":26},"end":{"line":25,"column":66}},"type":"default-arg","locations":[{"start":{"line":25,"column":36},"end":{"line":25,"column":66}}]}},"s":{"0":1,"1":1,"2":1,"3":1,"4":1,"5":9,"6":9,"7":2,"8":2,"9":2,"10":1,"11":1,"12":1,"13":1,"14":2,"15":2,"16":2,"17":1,"18":1,"19":1,"20":1},"f":{"0":9,"1":2,"2":1,"3":2},"b":{"0":[2,0],"1":[2,2],"2":[1,0],"3":[0]}}
,"/home/tvenceslau/local-workspace/others/decaf-kit/src/lib/jira.ts": {"path":"/home/tvenceslau/local-workspace/others/decaf-kit/src/lib/jira.ts","statementMap":{"0":{"start":{"line":7,"column":0},"end":{"line":7,"column":7}},"1":{"start":{"line":11,"column":2},"end":{"line":21,"column":3}},"2":{"start":{"line":14,"column":16},"end":{"line":14,"column":52}},"3":{"start":{"line":15,"column":4},"end":{"line":18,"column":5}},"4":{"start":{"line":16,"column":18},"end":{"line":16,"column":70}},"5":{"start":{"line":17,"column":6},"end":{"line":17,"column":55}},"6":{"start":{"line":20,"column":4},"end":{"line":20,"column":12}},"7":{"start":{"line":24,"column":2},"end":{"line":24,"column":31}},"8":{"start":{"line":27,"column":0},"end":{"line":27,"column":31}}},"fnMap":{"0":{"name":"createIssue","decl":{"start":{"line":7,"column":22},"end":{"line":7,"column":33}},"loc":{"start":{"line":9,"column":23},"end":{"line":25,"column":1}}},"1":{"name":"(anonymous_10)","decl":{"start":{"line":14,"column":16},"end":{"line":14,"column":29}},"loc":{"start":{"line":14,"column":16},"end":{"line":14,"column":52}}}},"branchMap":{"0":{"loc":{"start":{"line":15,"column":4},"end":{"line":18,"column":5}},"type":"if","locations":[{"start":{"line":15,"column":4},"end":{"line":18,"column":5}}]},"1":{"loc":{"start":{"line":15,"column":8},"end":{"line":15,"column":61}},"type":"binary-expr","locations":[{"start":{"line":15,"column":8},"end":{"line":15,"column":11}},{"start":{"line":15,"column":15},"end":{"line":15,"column":61}}]}},"s":{"0":1,"1":1,"2":2,"3":0,"4":0,"5":0,"6":1,"7":1,"8":1},"f":{"0":1,"1":1},"b":{"0":[0],"1":[0,0]}}
,"/home/tvenceslau/local-workspace/others/decaf-kit/src/lib/templateResolver.ts": {"path":"/home/tvenceslau/local-workspace/others/decaf-kit/src/lib/templateResolver.ts","statementMap":{"0":{"start":{"line":9,"column":0},"end":{"line":9,"column":16}},"1":{"start":{"line":29,"column":0},"end":{"line":29,"column":16}},"2":{"start":{"line":56,"column":0},"end":{"line":56,"column":7}},"3":{"start":{"line":81,"column":0},"end":{"line":81,"column":7}},"4":{"start":{"line":2,"column":0},"end":{"line":2,"column":39}},"5":{"start":{"line":3,"column":0},"end":{"line":3,"column":24}},"6":{"start":{"line":10,"column":14},"end":{"line":10,"column":33}},"7":{"start":{"line":11,"column":19},"end":{"line":11,"column":86}},"8":{"start":{"line":12,"column":2},"end":{"line":12,"column":22}},"9":{"start":{"line":12,"column":12},"end":{"line":12,"column":22}},"10":{"start":{"line":15,"column":2},"end":{"line":15,"column":42}},"11":{"start":{"line":15,"column":21},"end":{"line":15,"column":42}},"12":{"start":{"line":18,"column":16},"end":{"line":18,"column":86}},"13":{"start":{"line":18,"column":48},"end":{"line":18,"column":85}},"14":{"start":{"line":19,"column":2},"end":{"line":19,"column":36}},"15":{"start":{"line":19,"column":13},"end":{"line":19,"column":36}},"16":{"start":{"line":22,"column":2},"end":{"line":22,"column":66}},"17":{"start":{"line":22,"column":41},"end":{"line":22,"column":66}},"18":{"start":{"line":25,"column":2},"end":{"line":25,"column":13}},"19":{"start":{"line":30,"column":2},"end":{"line":30,"column":33}},"20":{"start":{"line":30,"column":17},"end":{"line":30,"column":33}},"21":{"start":{"line":31,"column":2},"end":{"line":49,"column":5}},"22":{"start":{"line":32,"column":16},"end":{"line":32,"column":25}},"23":{"start":{"line":33,"column":21},"end":{"line":33,"column":94}},"24":{"start":{"line":36,"column":4},"end":{"line":47,"column":5}},"25":{"start":{"line":37,"column":6},"end":{"line":37,"column":46}},"26":{"start":{"line":37,"column":25},"end":{"line":37,"column":46}},"27":{"start":{"line":38,"column":20},"end":{"line":38,"column":90}},"28":{"start":{"line":38,"column":52},"end":{"line":38,"column":89}},"29":{"start":{"line":39,"column":6},"end":{"line":39,"column":40}},"30":{"start":{"line":39,"column":17},"end":{"line":39,"column":40}},"31":{"start":{"line":41,"column":23},"end":{"line":45,"column":20}},"32":{"start":{"line":43,"column":28},"end":{"line":43,"column":83}},"33":{"start":{"line":46,"column":6},"end":{"line":46,"column":29}},"34":{"start":{"line":48,"column":4},"end":{"line":48,"column":15}},"35":{"start":{"line":57,"column":40},"end":{"line":57,"column":42}},"36":{"start":{"line":58,"column":2},"end":{"line":65,"column":3}},"37":{"start":{"line":59,"column":4},"end":{"line":64,"column":5}},"38":{"start":{"line":60,"column":6},"end":{"line":60,"column":42}},"39":{"start":{"line":62,"column":6},"end":{"line":62,"column":13}},"40":{"start":{"line":63,"column":6},"end":{"line":63,"column":19}},"41":{"start":{"line":67,"column":18},"end":{"line":67,"column":58}},"42":{"start":{"line":68,"column":2},"end":{"line":78,"column":5}},"43":{"start":{"line":69,"column":16},"end":{"line":69,"column":27}},"44":{"start":{"line":70,"column":4},"end":{"line":70,"column":42}},"45":{"start":{"line":70,"column":22},"end":{"line":70,"column":42}},"46":{"start":{"line":72,"column":21},"end":{"line":76,"column":18}},"47":{"start":{"line":74,"column":26},"end":{"line":74,"column":81}},"48":{"start":{"line":77,"column":4},"end":{"line":77,"column":27}},"49":{"start":{"line":82,"column":15},"end":{"line":82,"column":61}},"50":{"start":{"line":83,"column":2},"end":{"line":83,"column":42}},"51":{"start":{"line":86,"column":0},"end":{"line":86,"column":81}}},"fnMap":{"0":{"name":"resolveAcronymToken","decl":{"start":{"line":9,"column":16},"end":{"line":9,"column":35}},"loc":{"start":{"line":9,"column":78},"end":{"line":26,"column":1}}},"1":{"name":"(anonymous_2)","decl":{"start":{"line":18,"column":43},"end":{"line":18,"column":44}},"loc":{"start":{"line":18,"column":48},"end":{"line":18,"column":85}}},"2":{"name":"resolveTemplate","decl":{"start":{"line":29,"column":16},"end":{"line":29,"column":31}},"loc":{"start":{"line":29,"column":78},"end":{"line":50,"column":1}}},"3":{"name":"(anonymous_4)","decl":{"start":{"line":31,"column":67},"end":{"line":31,"column":68}},"loc":{"start":{"line":31,"column":78},"end":{"line":49,"column":3}}},"4":{"name":"(anonymous_5)","decl":{"start":{"line":38,"column":47},"end":{"line":38,"column":48}},"loc":{"start":{"line":38,"column":52},"end":{"line":38,"column":89}}},"5":{"name":"(anonymous_6)","decl":{"start":{"line":43,"column":13},"end":{"line":43,"column":14}},"loc":{"start":{"line":43,"column":28},"end":{"line":43,"column":83}}},"6":{"name":"resolveAcronymsInText","decl":{"start":{"line":56,"column":22},"end":{"line":56,"column":43}},"loc":{"start":{"line":56,"column":68},"end":{"line":79,"column":1}}},"7":{"name":"(anonymous_8)","decl":{"start":{"line":68,"column":31},"end":{"line":68,"column":32}},"loc":{"start":{"line":68,"column":44},"end":{"line":78,"column":3}}},"8":{"name":"(anonymous_9)","decl":{"start":{"line":74,"column":11},"end":{"line":74,"column":12}},"loc":{"start":{"line":74,"column":26},"end":{"line":74,"column":81}}},"9":{"name":"resolveTemplateFromFile","decl":{"start":{"line":81,"column":22},"end":{"line":81,"column":45}},"loc":{"start":{"line":81,"column":92},"end":{"line":84,"column":1}}}},"branchMap":{"0":{"loc":{"start":{"line":10,"column":15},"end":{"line":10,"column":25}},"type":"binary-expr","locations":[{"start":{"line":10,"column":15},"end":{"line":10,"column":19}},{"start":{"line":10,"column":23},"end":{"line":10,"column":25}}]},"1":{"loc":{"start":{"line":11,"column":19},"end":{"line":11,"column":86}},"type":"binary-expr","locations":[{"start":{"line":11,"column":20},"end":{"line":11,"column":29}},{"start":{"line":11,"column":34},"end":{"line":11,"column":79}},{"start":{"line":11,"column":84},"end":{"line":11,"column":86}}]},"2":{"loc":{"start":{"line":12,"column":2},"end":{"line":12,"column":22}},"type":"if","locations":[{"start":{"line":12,"column":2},"end":{"line":12,"column":22}}]},"3":{"loc":{"start":{"line":15,"column":2},"end":{"line":15,"column":42}},"type":"if","locations":[{"start":{"line":15,"column":2},"end":{"line":15,"column":42}}]},"4":{"loc":{"start":{"line":19,"column":2},"end":{"line":19,"column":36}},"type":"if","locations":[{"start":{"line":19,"column":2},"end":{"line":19,"column":36}}]},"5":{"loc":{"start":{"line":22,"column":2},"end":{"line":22,"column":66}},"type":"if","locations":[{"start":{"line":22,"column":2},"end":{"line":22,"column":66}}]},"6":{"loc":{"start":{"line":30,"column":2},"end":{"line":30,"column":33}},"type":"if","locations":[{"start":{"line":30,"column":2},"end":{"line":30,"column":33}}]},"7":{"loc":{"start":{"line":33,"column":21},"end":{"line":33,"column":94}},"type":"binary-expr","locations":[{"start":{"line":33,"column":22},"end":{"line":33,"column":31}},{"start":{"line":33,"column":36},"end":{"line":33,"column":80}},{"start":{"line":33,"column":85},"end":{"line":33,"column":94}}]},"8":{"loc":{"start":{"line":36,"column":4},"end":{"line":47,"column":5}},"type":"if","locations":[{"start":{"line":36,"column":4},"end":{"line":47,"column":5}}]},"9":{"loc":{"start":{"line":36,"column":8},"end":{"line":36,"column":52}},"type":"binary-expr","locations":[{"start":{"line":36,"column":8},"end":{"line":36,"column":16}},{"start":{"line":36,"column":20},"end":{"line":36,"column":52}}]},"10":{"loc":{"start":{"line":37,"column":6},"end":{"line":37,"column":46}},"type":"if","locations":[{"start":{"line":37,"column":6},"end":{"line":37,"column":46}}]},"11":{"loc":{"start":{"line":39,"column":6},"end":{"line":39,"column":40}},"type":"if","locations":[{"start":{"line":39,"column":6},"end":{"line":39,"column":40}}]},"12":{"loc":{"start":{"line":43,"column":29},"end":{"line":43,"column":68}},"type":"binary-expr","locations":[{"start":{"line":43,"column":29},"end":{"line":43,"column":62}},{"start":{"line":43,"column":66},"end":{"line":43,"column":68}}]},"13":{"loc":{"start":{"line":46,"column":13},"end":{"line":46,"column":28}},"type":"binary-expr","locations":[{"start":{"line":46,"column":13},"end":{"line":46,"column":21}},{"start":{"line":46,"column":25},"end":{"line":46,"column":28}}]},"14":{"loc":{"start":{"line":58,"column":2},"end":{"line":65,"column":3}},"type":"if","locations":[{"start":{"line":58,"column":2},"end":{"line":65,"column":3}}]},"15":{"loc":{"start":{"line":58,"column":6},"end":{"line":58,"column":54}},"type":"binary-expr","locations":[{"start":{"line":58,"column":6},"end":{"line":58,"column":11}},{"start":{"line":58,"column":15},"end":{"line":58,"column":54}}]},"16":{"loc":{"start":{"line":70,"column":4},"end":{"line":70,"column":42}},"type":"if","locations":[{"start":{"line":70,"column":4},"end":{"line":70,"column":42}}]},"17":{"loc":{"start":{"line":74,"column":27},"end":{"line":74,"column":66}},"type":"binary-expr","locations":[{"start":{"line":74,"column":27},"end":{"line":74,"column":60}},{"start":{"line":74,"column":64},"end":{"line":74,"column":66}}]},"18":{"loc":{"start":{"line":77,"column":11},"end":{"line":77,"column":26}},"type":"binary-expr","locations":[{"start":{"line":77,"column":11},"end":{"line":77,"column":19}},{"start":{"line":77,"column":23},"end":{"line":77,"column":26}}]}},"s":{"0":1,"1":1,"2":1,"3":1,"4":1,"5":1,"6":1,"7":1,"8":1,"9":0,"10":1,"11":0,"12":1,"13":2,"14":1,"15":0,"16":1,"17":1,"18":0,"19":4,"20":0,"21":4,"22":4,"23":4,"24":4,"25":3,"26":2,"27":1,"28":2,"29":1,"30":0,"31":1,"32":2,"33":1,"34":1,"35":3,"36":3,"37":3,"38":3,"39":0,"40":0,"41":3,"42":3,"43":5,"44":5,"45":4,"46":1,"47":2,"48":1,"49":0,"50":0,"51":1},"f":{"0":1,"1":2,"2":4,"3":4,"4":2,"5":2,"6":3,"7":5,"8":2,"9":0},"b":{"0":[1,0],"1":[1,1,0],"2":[0],"3":[0],"4":[0],"5":[1],"6":[0],"7":[4,4,0],"8":[3],"9":[4,4],"10":[2],"11":[0],"12":[2,0],"13":[1,0],"14":[3],"15":[3,3],"16":[4],"17":[2,0],"18":[1,0]}}
,"/home/tvenceslau/local-workspace/others/decaf-kit/src/lib/updateScanner.ts": {"path":"/home/tvenceslau/local-workspace/others/decaf-kit/src/lib/updateScanner.ts","statementMap":{"0":{"start":{"line":6,"column":0},"end":{"line":6,"column":7}},"1":{"start":{"line":24,"column":0},"end":{"line":24,"column":7}},"2":{"start":{"line":50,"column":0},"end":{"line":50,"column":7}},"3":{"start":{"line":66,"column":0},"end":{"line":66,"column":7}},"4":{"start":{"line":1,"column":0},"end":{"line":1,"column":36}},"5":{"start":{"line":2,"column":0},"end":{"line":2,"column":24}},"6":{"start":{"line":4,"column":0},"end":{"line":4,"column":50}},"7":{"start":{"line":7,"column":28},"end":{"line":7,"column":30}},"8":{"start":{"line":9,"column":20},"end":{"line":9,"column":66}},"9":{"start":{"line":10,"column":4},"end":{"line":18,"column":5}},"10":{"start":{"line":11,"column":19},"end":{"line":11,"column":41}},"11":{"start":{"line":12,"column":6},"end":{"line":17,"column":7}},"12":{"start":{"line":13,"column":8},"end":{"line":13,"column":94}},"13":{"start":{"line":13,"column":85},"end":{"line":13,"column":94}},"14":{"start":{"line":14,"column":8},"end":{"line":14,"column":25}},"15":{"start":{"line":15,"column":13},"end":{"line":17,"column":7}},"16":{"start":{"line":16,"column":8},"end":{"line":16,"column":82}},"17":{"start":{"line":16,"column":63},"end":{"line":16,"column":82}},"18":{"start":{"line":20,"column":2},"end":{"line":20,"column":33}},"19":{"start":{"line":21,"column":2},"end":{"line":21,"column":17}},"20":{"start":{"line":25,"column":16},"end":{"line":25,"column":42}},"21":{"start":{"line":26,"column":20},"end":{"line":26,"column":69}},"22":{"start":{"line":26,"column":58},"end":{"line":26,"column":68}},"23":{"start":{"line":27,"column":18},"end":{"line":27,"column":53}},"24":{"start":{"line":28,"column":65},"end":{"line":28,"column":67}},"25":{"start":{"line":29,"column":2},"end":{"line":46,"column":3}},"26":{"start":{"line":30,"column":4},"end":{"line":45,"column":5}},"27":{"start":{"line":31,"column":18},"end":{"line":31,"column":46}},"28":{"start":{"line":33,"column":18},"end":{"line":33,"column":19}},"29":{"start":{"line":34,"column":6},"end":{"line":34,"column":28}},"30":{"start":{"line":35,"column":6},"end":{"line":40,"column":7}},"31":{"start":{"line":36,"column":20},"end":{"line":36,"column":31}},"32":{"start":{"line":37,"column":8},"end":{"line":39,"column":9}},"33":{"start":{"line":37,"column":117},"end":{"line":37,"column":154}},"34":{"start":{"line":38,"column":10},"end":{"line":38,"column":18}},"35":{"start":{"line":41,"column":6},"end":{"line":41,"column":82}},"36":{"start":{"line":41,"column":21},"end":{"line":41,"column":82}},"37":{"start":{"line":43,"column":6},"end":{"line":43,"column":13}},"38":{"start":{"line":47,"column":2},"end":{"line":47,"column":17}},"39":{"start":{"line":51,"column":20},"end":{"line":51,"column":57}},"40":{"start":{"line":52,"column":39},"end":{"line":57,"column":11}},"41":{"start":{"line":53,"column":37},"end":{"line":53,"column":43}},"42":{"start":{"line":54,"column":33},"end":{"line":54,"column":79}},"43":{"start":{"line":58,"column":2},"end":{"line":62,"column":3}},"44":{"start":{"line":59,"column":14},"end":{"line":59,"column":35}},"45":{"start":{"line":60,"column":4},"end":{"line":60,"column":43}},"46":{"start":{"line":61,"column":4},"end":{"line":61,"column":73}},"47":{"start":{"line":63,"column":2},"end":{"line":63,"column":16}},"48":{"start":{"line":67,"column":20},"end":{"line":67,"column":57}},"49":{"start":{"line":68,"column":20},"end":{"line":68,"column":69}},"50":{"start":{"line":68,"column":58},"end":{"line":68,"column":68}},"51":{"start":{"line":69,"column":19},"end":{"line":69,"column":66}},"52":{"start":{"line":70,"column":18},"end":{"line":70,"column":53}},"53":{"start":{"line":71,"column":33},"end":{"line":71,"column":35}},"54":{"start":{"line":72,"column":65},"end":{"line":72,"column":67}},"55":{"start":{"line":73,"column":2},"end":{"line":92,"column":3}},"56":{"start":{"line":74,"column":4},"end":{"line":91,"column":5}},"57":{"start":{"line":75,"column":16},"end":{"line":75,"column":49}},"58":{"start":{"line":76,"column":18},"end":{"line":76,"column":19}},"59":{"start":{"line":77,"column":6},"end":{"line":82,"column":9}},"60":{"start":{"line":78,"column":20},"end":{"line":78,"column":29}},"61":{"start":{"line":79,"column":20},"end":{"line":79,"column":101}},"62":{"start":{"line":80,"column":8},"end":{"line":80,"column":19}},"63":{"start":{"line":81,"column":8},"end":{"line":81,"column":25}},"64":{"start":{"line":83,"column":6},"end":{"line":87,"column":7}},"65":{"start":{"line":84,"column":8},"end":{"line":84,"column":48}},"66":{"start":{"line":85,"column":8},"end":{"line":85,"column":48}},"67":{"start":{"line":86,"column":8},"end":{"line":86,"column":74}},"68":{"start":{"line":89,"column":6},"end":{"line":89,"column":13}},"69":{"start":{"line":93,"column":39},"end":{"line":93,"column":113}},"70":{"start":{"line":94,"column":2},"end":{"line":94,"column":16}},"71":{"start":{"line":97,"column":0},"end":{"line":97,"column":90}}},"fnMap":{"0":{"name":"listFiles","decl":{"start":{"line":6,"column":22},"end":{"line":6,"column":31}},"loc":{"start":{"line":6,"column":44},"end":{"line":22,"column":1}}},"1":{"name":"walk","decl":{"start":{"line":8,"column":17},"end":{"line":8,"column":21}},"loc":{"start":{"line":8,"column":33},"end":{"line":19,"column":3}}},"2":{"name":"scanForAcronymTokens","decl":{"start":{"line":24,"column":22},"end":{"line":24,"column":42}},"loc":{"start":{"line":24,"column":68},"end":{"line":48,"column":1}}},"3":{"name":"(anonymous_4)","decl":{"start":{"line":26,"column":51},"end":{"line":26,"column":54}},"loc":{"start":{"line":26,"column":58},"end":{"line":26,"column":68}}},"4":{"name":"(anonymous_5)","decl":{"start":{"line":37,"column":112},"end":{"line":37,"column":113}},"loc":{"start":{"line":37,"column":117},"end":{"line":37,"column":154}}},"5":{"name":"generateDryRunJson","decl":{"start":{"line":50,"column":22},"end":{"line":50,"column":40}},"loc":{"start":{"line":50,"column":84},"end":{"line":64,"column":1}}},"6":{"name":"(anonymous_7)","decl":{"start":{"line":53,"column":32},"end":{"line":53,"column":33}},"loc":{"start":{"line":53,"column":37},"end":{"line":53,"column":43}}},"7":{"name":"(anonymous_8)","decl":{"start":{"line":54,"column":27},"end":{"line":54,"column":28}},"loc":{"start":{"line":54,"column":33},"end":{"line":54,"column":79}}},"8":{"name":"applyReplacements","decl":{"start":{"line":66,"column":22},"end":{"line":66,"column":39}},"loc":{"start":{"line":66,"column":65},"end":{"line":95,"column":1}}},"9":{"name":"(anonymous_10)","decl":{"start":{"line":68,"column":51},"end":{"line":68,"column":54}},"loc":{"start":{"line":68,"column":58},"end":{"line":68,"column":68}}},"10":{"name":"(anonymous_11)","decl":{"start":{"line":77,"column":33},"end":{"line":77,"column":34}},"loc":{"start":{"line":77,"column":44},"end":{"line":82,"column":7}}}},"branchMap":{"0":{"loc":{"start":{"line":12,"column":6},"end":{"line":17,"column":7}},"type":"if","locations":[{"start":{"line":12,"column":6},"end":{"line":17,"column":7}},{"start":{"line":15,"column":13},"end":{"line":17,"column":7}}]},"1":{"loc":{"start":{"line":13,"column":8},"end":{"line":13,"column":94}},"type":"if","locations":[{"start":{"line":13,"column":8},"end":{"line":13,"column":94}}]},"2":{"loc":{"start":{"line":13,"column":12},"end":{"line":13,"column":83}},"type":"binary-expr","locations":[{"start":{"line":13,"column":12},"end":{"line":13,"column":29}},{"start":{"line":13,"column":33},"end":{"line":13,"column":58}},{"start":{"line":13,"column":62},"end":{"line":13,"column":83}}]},"3":{"loc":{"start":{"line":15,"column":13},"end":{"line":17,"column":7}},"type":"if","locations":[{"start":{"line":15,"column":13},"end":{"line":17,"column":7}}]},"4":{"loc":{"start":{"line":16,"column":8},"end":{"line":16,"column":82}},"type":"if","locations":[{"start":{"line":16,"column":8},"end":{"line":16,"column":82}}]},"5":{"loc":{"start":{"line":24,"column":43},"end":{"line":24,"column":68}},"type":"default-arg","locations":[{"start":{"line":24,"column":55},"end":{"line":24,"column":68}}]},"6":{"loc":{"start":{"line":37,"column":8},"end":{"line":39,"column":9}},"type":"if","locations":[{"start":{"line":37,"column":8},"end":{"line":39,"column":9}}]},"7":{"loc":{"start":{"line":37,"column":12},"end":{"line":37,"column":156}},"type":"binary-expr","locations":[{"start":{"line":37,"column":12},"end":{"line":37,"column":21}},{"start":{"line":37,"column":25},"end":{"line":37,"column":43}},{"start":{"line":37,"column":48},"end":{"line":37,"column":71}},{"start":{"line":37,"column":75},"end":{"line":37,"column":155}}]},"8":{"loc":{"start":{"line":41,"column":6},"end":{"line":41,"column":82}},"type":"if","locations":[{"start":{"line":41,"column":6},"end":{"line":41,"column":82}}]},"9":{"loc":{"start":{"line":50,"column":41},"end":{"line":50,"column":66}},"type":"default-arg","locations":[{"start":{"line":50,"column":53},"end":{"line":50,"column":66}}]},"10":{"loc":{"start":{"line":58,"column":2},"end":{"line":62,"column":3}},"type":"if","locations":[{"start":{"line":58,"column":2},"end":{"line":62,"column":3}}]},"11":{"loc":{"start":{"line":66,"column":40},"end":{"line":66,"column":65}},"type":"default-arg","locations":[{"start":{"line":66,"column":52},"end":{"line":66,"column":65}}]},"12":{"loc":{"start":{"line":69,"column":19},"end":{"line":69,"column":66}},"type":"binary-expr","locations":[{"start":{"line":69,"column":20},"end":{"line":69,"column":29}},{"start":{"line":69,"column":34},"end":{"line":69,"column":52}},{"start":{"line":69,"column":56},"end":{"line":69,"column":58}},{"start":{"line":69,"column":64},"end":{"line":69,"column":66}}]},"13":{"loc":{"start":{"line":79,"column":20},"end":{"line":79,"column":101}},"type":"binary-expr","locations":[{"start":{"line":79,"column":20},"end":{"line":79,"column":33}},{"start":{"line":79,"column":37},"end":{"line":79,"column":64}},{"start":{"line":79,"column":68},"end":{"line":79,"column":101}}]},"14":{"loc":{"start":{"line":81,"column":15},"end":{"line":81,"column":24}},"type":"binary-expr","locations":[{"start":{"line":81,"column":15},"end":{"line":81,"column":18}},{"start":{"line":81,"column":22},"end":{"line":81,"column":24}}]},"15":{"loc":{"start":{"line":83,"column":6},"end":{"line":87,"column":7}},"type":"if","locations":[{"start":{"line":83,"column":6},"end":{"line":87,"column":7}}]}},"s":{"0":1,"1":1,"2":1,"3":1,"4":1,"5":1,"6":1,"7":4,"8":4,"9":4,"10":5,"11":5,"12":0,"13":0,"14":0,"15":5,"16":5,"17":5,"18":4,"19":4,"20":3,"21":3,"22":0,"23":3,"24":3,"25":3,"26":3,"27":3,"28":3,"29":3,"30":3,"31":3,"32":3,"33":0,"34":3,"35":3,"36":3,"37":0,"38":3,"39":1,"40":1,"41":1,"42":1,"43":1,"44":1,"45":1,"46":1,"47":1,"48":1,"49":1,"50":0,"51":1,"52":1,"53":1,"54":1,"55":1,"56":1,"57":1,"58":1,"59":1,"60":1,"61":1,"62":1,"63":1,"64":1,"65":1,"66":1,"67":1,"68":0,"69":1,"70":1,"71":1},"f":{"0":4,"1":4,"2":3,"3":0,"4":0,"5":1,"6":1,"7":1,"8":1,"9":0,"10":1},"b":{"0":[0,5],"1":[0],"2":[0,0,0],"3":[5],"4":[5],"5":[0],"6":[3],"7":[3,3,3,0],"8":[3],"9":[0],"10":[1],"11":[0],"12":[1,1,0,0],"13":[1,0,0],"14":[1,0],"15":[1]}}
,"/home/tvenceslau/local-workspace/others/decaf-kit/src/types/@decaf-ts__mcp-server.d.ts": {"path":"/home/tvenceslau/local-workspace/others/decaf-kit/src/types/@decaf-ts__mcp-server.d.ts","statementMap":{},"fnMap":{},"branchMap":{},"s":{},"f":{},"b":{}}
}
