{"/home/tvenceslau/local-workspace/decaf-ts/injectable-decorators/src/Injectables.ts": {"path":"/home/tvenceslau/local-workspace/decaf-ts/injectable-decorators/src/Injectables.ts","statementMap":{"0":{"start":{"line":1,"column":0},"end":{"line":1,"column":null}},"1":{"start":{"line":56,"column":17},"end":{"line":56,"column":77}},"2":{"start":{"line":73,"column":4},"end":{"line":73,"column":56}},"3":{"start":{"line":85,"column":4},"end":{"line":88,"column":6}},"4":{"start":{"line":100,"column":4},"end":{"line":100,"column":58}},"5":{"start":{"line":110,"column":4},"end":{"line":110,"column":63}},"6":{"start":{"line":118,"column":4},"end":{"line":119,"column":74}},"7":{"start":{"line":119,"column":6},"end":{"line":119,"column":74}},"8":{"start":{"line":120,"column":4},"end":{"line":120,"column":49}},"9":{"start":{"line":129,"column":4},"end":{"line":129,"column":57}},"10":{"start":{"line":139,"column":19},"end":{"line":139,"column":72}},"11":{"start":{"line":140,"column":5},"end":{"line":145,"column":11}},"12":{"start":{"line":143,"column":6},"end":{"line":143,"column":47}},"13":{"start":{"line":143,"column":30},"end":{"line":143,"column":47}},"14":{"start":{"line":144,"column":6},"end":{"line":144,"column":19}},"15":{"start":{"line":50,"column":0},"end":{"line":50,"column":13}}},"fnMap":{"0":{"name":"(anonymous_0)","decl":{"start":{"line":58,"column":2},"end":{"line":58,"column":25}},"loc":{"start":{"line":58,"column":2},"end":{"line":58,"column":26}}},"1":{"name":"(anonymous_1)","decl":{"start":{"line":69,"column":2},"end":{"line":69,"column":8}},"loc":{"start":{"line":71,"column":18},"end":{"line":74,"column":3}}},"2":{"name":"(anonymous_2)","decl":{"start":{"line":84,"column":2},"end":{"line":84,"column":8}},"loc":{"start":{"line":84,"column":63},"end":{"line":89,"column":3}}},"3":{"name":"(anonymous_3)","decl":{"start":{"line":99,"column":2},"end":{"line":99,"column":8}},"loc":{"start":{"line":99,"column":46},"end":{"line":101,"column":3}}},"4":{"name":"(anonymous_4)","decl":{"start":{"line":109,"column":2},"end":{"line":109,"column":8}},"loc":{"start":{"line":109,"column":60},"end":{"line":111,"column":3}}},"5":{"name":"(anonymous_5)","decl":{"start":{"line":117,"column":10},"end":{"line":117,"column":16}},"loc":{"start":{"line":117,"column":28},"end":{"line":121,"column":3}}},"6":{"name":"(anonymous_6)","decl":{"start":{"line":128,"column":2},"end":{"line":128,"column":8}},"loc":{"start":{"line":128,"column":14},"end":{"line":130,"column":3}}},"7":{"name":"(anonymous_7)","decl":{"start":{"line":138,"column":2},"end":{"line":138,"column":8}},"loc":{"start":{"line":138,"column":46},"end":{"line":146,"column":3}}},"8":{"name":"(anonymous_8)","decl":{"start":{"line":142,"column":13},"end":{"line":142,"column":14}},"loc":{"start":{"line":142,"column":56},"end":{"line":145,"column":5}}}},"branchMap":{"0":{"loc":{"start":{"line":118,"column":4},"end":{"line":119,"column":74}},"type":"if","locations":[{"start":{"line":118,"column":4},"end":{"line":119,"column":74}}]},"1":{"loc":{"start":{"line":139,"column":19},"end":{"line":139,"column":72}},"type":"cond-expr","locations":[{"start":{"line":139,"column":47},"end":{"line":139,"column":64}},{"start":{"line":139,"column":67},"end":{"line":139,"column":72}}]},"2":{"loc":{"start":{"line":143,"column":6},"end":{"line":143,"column":47}},"type":"if","locations":[{"start":{"line":143,"column":6},"end":{"line":143,"column":47}}]}},"s":{"0":1,"1":1,"2":24,"3":9,"4":0,"5":2,"6":33,"7":1,"8":33,"9":1,"10":0,"11":0,"12":0,"13":0,"14":0,"15":1},"f":{"0":0,"1":24,"2":9,"3":0,"4":2,"5":33,"6":1,"7":0,"8":0},"b":{"0":[1],"1":[0,0],"2":[0]}}
,"/home/tvenceslau/local-workspace/decaf-ts/injectable-decorators/src/constants.ts": {"path":"/home/tvenceslau/local-workspace/decaf-ts/injectable-decorators/src/constants.ts","statementMap":{"0":{"start":{"line":12,"column":13},"end":{"line":16,"column":2}},"1":{"start":{"line":24,"column":13},"end":{"line":26,"column":2}},"2":{"start":{"line":34,"column":13},"end":{"line":34,"column":37}}},"fnMap":{},"branchMap":{},"s":{"0":1,"1":1,"2":1},"f":{},"b":{}}
,"/home/tvenceslau/local-workspace/decaf-ts/injectable-decorators/src/decorators.ts": {"path":"/home/tvenceslau/local-workspace/decaf-ts/injectable-decorators/src/decorators.ts","statementMap":{"0":{"start":{"line":21,"column":0},"end":{"line":21,"column":16}},"1":{"start":{"line":189,"column":0},"end":{"line":189,"column":16}},"2":{"start":{"line":207,"column":0},"end":{"line":207,"column":16}},"3":{"start":{"line":226,"column":0},"end":{"line":226,"column":16}},"4":{"start":{"line":262,"column":0},"end":{"line":262,"column":16}},"5":{"start":{"line":445,"column":0},"end":{"line":445,"column":16}},"6":{"start":{"line":1,"column":0},"end":{"line":1,"column":72}},"7":{"start":{"line":2,"column":0},"end":{"line":2,"column":44}},"8":{"start":{"line":3,"column":0},"end":{"line":3,"column":39}},"9":{"start":{"line":5,"column":0},"end":{"line":5,"column":66}},"10":{"start":{"line":25,"column":2},"end":{"line":29,"column":34}},"11":{"start":{"line":30,"column":2},"end":{"line":37,"column":22}},"12":{"start":{"line":38,"column":2},"end":{"line":77,"column":4}},"13":{"start":{"line":39,"column":19},"end":{"line":39,"column":62}},"14":{"start":{"line":40,"column":4},"end":{"line":40,"column":41}},"15":{"start":{"line":42,"column":41},"end":{"line":45,"column":6}},"16":{"start":{"line":47,"column":4},"end":{"line":51,"column":6}},"17":{"start":{"line":53,"column":32},"end":{"line":55,"column":5}},"18":{"start":{"line":54,"column":6},"end":{"line":54,"column":51}},"19":{"start":{"line":58,"column":4},"end":{"line":58,"column":50}},"20":{"start":{"line":61,"column":4},"end":{"line":66,"column":7}},"21":{"start":{"line":68,"column":4},"end":{"line":72,"column":6}},"22":{"start":{"line":74,"column":4},"end":{"line":74,"column":48}},"23":{"start":{"line":76,"column":4},"end":{"line":76,"column":26}},"24":{"start":{"line":193,"column":2},"end":{"line":195,"column":13}},"25":{"start":{"line":211,"column":2},"end":{"line":214,"column":4}},"26":{"start":{"line":230,"column":2},"end":{"line":233,"column":4}},"27":{"start":{"line":266,"column":2},"end":{"line":330,"column":4}},"28":{"start":{"line":268,"column":6},"end":{"line":268,"column":57}},"29":{"start":{"line":271,"column":4},"end":{"line":273,"column":5}},"30":{"start":{"line":272,"column":6},"end":{"line":272,"column":34}},"31":{"start":{"line":276,"column":6},"end":{"line":278,"column":52}},"32":{"start":{"line":279,"column":4},"end":{"line":281,"column":5}},"33":{"start":{"line":280,"column":6},"end":{"line":280,"column":59}},"34":{"start":{"line":284,"column":4},"end":{"line":291,"column":6}},"35":{"start":{"line":293,"column":19},"end":{"line":293,"column":32}},"36":{"start":{"line":295,"column":4},"end":{"line":329,"column":7}},"37":{"start":{"line":298,"column":47},"end":{"line":300,"column":null}},"38":{"start":{"line":302,"column":8},"end":{"line":327,"column":9}},"39":{"start":{"line":304,"column":10},"end":{"line":325,"column":13}},"40":{"start":{"line":308,"column":24},"end":{"line":308,"column":40}},"41":{"start":{"line":309,"column":14},"end":{"line":309,"column":34}},"42":{"start":{"line":309,"column":23},"end":{"line":309,"column":34}},"43":{"start":{"line":310,"column":14},"end":{"line":310,"column":66}},"44":{"start":{"line":311,"column":14},"end":{"line":314,"column":18}},"45":{"start":{"line":312,"column":16},"end":{"line":314,"column":18}},"46":{"start":{"line":315,"column":14},"end":{"line":320,"column":17}},"47":{"start":{"line":316,"column":16},"end":{"line":320,"column":17}},"48":{"start":{"line":317,"column":18},"end":{"line":317,"column":56}},"49":{"start":{"line":319,"column":18},"end":{"line":319,"column":35}},"50":{"start":{"line":321,"column":14},"end":{"line":321,"column":36}},"51":{"start":{"line":323,"column":14},"end":{"line":323,"column":25}},"52":{"start":{"line":326,"column":10},"end":{"line":326,"column":35}},"53":{"start":{"line":449,"column":2},"end":{"line":451,"column":13}}},"fnMap":{"0":{"name":"injectableBaseDecorator","decl":{"start":{"line":21,"column":16},"end":{"line":21,"column":39}},"loc":{"start":{"line":23,"column":33},"end":{"line":78,"column":1}}},"1":{"name":"injectableInnerDecorator","decl":{"start":{"line":38,"column":18},"end":{"line":38,"column":42}},"loc":{"start":{"line":38,"column":56},"end":{"line":77,"column":3}}},"2":{"name":"(anonymous_2)","decl":{"start":{"line":53,"column":32},"end":{"line":53,"column":42}},"loc":{"start":{"line":53,"column":56},"end":{"line":55,"column":5}}},"3":{"name":"injectable","decl":{"start":{"line":189,"column":16},"end":{"line":189,"column":26}},"loc":{"start":{"line":191,"column":33},"end":{"line":196,"column":1}}},"4":{"name":"singleton","decl":{"start":{"line":207,"column":16},"end":{"line":207,"column":25}},"loc":{"start":{"line":209,"column":43},"end":{"line":215,"column":1}}},"5":{"name":"onDemand","decl":{"start":{"line":226,"column":16},"end":{"line":226,"column":24}},"loc":{"start":{"line":228,"column":43},"end":{"line":234,"column":1}}},"6":{"name":"injectBaseDecorator","decl":{"start":{"line":262,"column":16},"end":{"line":262,"column":35}},"loc":{"start":{"line":264,"column":30},"end":{"line":331,"column":1}}},"7":{"name":"injectInnerDecorator","decl":{"start":{"line":266,"column":18},"end":{"line":266,"column":38}},"loc":{"start":{"line":266,"column":69},"end":{"line":330,"column":3}}},"8":{"name":"(anonymous_8)","decl":{"start":{"line":297,"column":6},"end":{"line":297,"column":9}},"loc":{"start":{"line":297,"column":9},"end":{"line":328,"column":7}}},"9":{"name":"(anonymous_9)","decl":{"start":{"line":307,"column":12},"end":{"line":307,"column":15}},"loc":{"start":{"line":307,"column":15},"end":{"line":324,"column":13}}},"10":{"name":"inject","decl":{"start":{"line":445,"column":16},"end":{"line":445,"column":22}},"loc":{"start":{"line":447,"column":30},"end":{"line":452,"column":1}}}},"branchMap":{"0":{"loc":{"start":{"line":26,"column":4},"end":{"line":29,"column":33}},"type":"binary-expr","locations":[{"start":{"line":26,"column":4},"end":{"line":26,"column":7}},{"start":{"line":27,"column":5},"end":{"line":29,"column":32}}]},"1":{"loc":{"start":{"line":27,"column":5},"end":{"line":29,"column":32}},"type":"cond-expr","locations":[{"start":{"line":28,"column":8},"end":{"line":28,"column":77}},{"start":{"line":29,"column":8},"end":{"line":29,"column":32}}]},"2":{"loc":{"start":{"line":31,"column":4},"end":{"line":37,"column":21}},"type":"cond-expr","locations":[{"start":{"line":32,"column":8},"end":{"line":32,"column":17}},{"start":{"line":33,"column":8},"end":{"line":37,"column":21}}]},"3":{"loc":{"start":{"line":33,"column":8},"end":{"line":37,"column":21}},"type":"cond-expr","locations":[{"start":{"line":34,"column":10},"end":{"line":34,"column":18}},{"start":{"line":35,"column":10},"end":{"line":37,"column":21}}]},"4":{"loc":{"start":{"line":35,"column":10},"end":{"line":37,"column":21}},"type":"cond-expr","locations":[{"start":{"line":36,"column":12},"end":{"line":36,"column":20}},{"start":{"line":37,"column":12},"end":{"line":37,"column":21}}]},"5":{"loc":{"start":{"line":35,"column":10},"end":{"line":35,"column":57}},"type":"binary-expr","locations":[{"start":{"line":35,"column":10},"end":{"line":35,"column":40}},{"start":{"line":35,"column":44},"end":{"line":35,"column":57}}]},"6":{"loc":{"start":{"line":39,"column":30},"end":{"line":39,"column":61}},"type":"binary-expr","locations":[{"start":{"line":39,"column":30},"end":{"line":39,"column":38}},{"start":{"line":39,"column":42},"end":{"line":39,"column":61}}]},"7":{"loc":{"start":{"line":40,"column":15},"end":{"line":40,"column":40}},"type":"binary-expr","locations":[{"start":{"line":40,"column":15},"end":{"line":40,"column":23}},{"start":{"line":40,"column":27},"end":{"line":40,"column":40}}]},"8":{"loc":{"start":{"line":213,"column":22},"end":{"line":213,"column":31}},"type":"binary-expr","locations":[{"start":{"line":213,"column":22},"end":{"line":213,"column":25}},{"start":{"line":213,"column":29},"end":{"line":213,"column":31}}]},"9":{"loc":{"start":{"line":232,"column":22},"end":{"line":232,"column":31}},"type":"binary-expr","locations":[{"start":{"line":232,"column":22},"end":{"line":232,"column":25}},{"start":{"line":232,"column":29},"end":{"line":232,"column":31}}]},"10":{"loc":{"start":{"line":268,"column":6},"end":{"line":268,"column":57}},"type":"cond-expr","locations":[{"start":{"line":268,"column":44},"end":{"line":268,"column":52}},{"start":{"line":268,"column":55},"end":{"line":268,"column":57}}]},"11":{"loc":{"start":{"line":268,"column":6},"end":{"line":268,"column":41}},"type":"binary-expr","locations":[{"start":{"line":268,"column":6},"end":{"line":268,"column":9}},{"start":{"line":268,"column":13},"end":{"line":268,"column":41}}]},"12":{"loc":{"start":{"line":271,"column":4},"end":{"line":273,"column":5}},"type":"if","locations":[{"start":{"line":271,"column":4},"end":{"line":273,"column":5}}]},"13":{"loc":{"start":{"line":276,"column":6},"end":{"line":278,"column":52}},"type":"binary-expr","locations":[{"start":{"line":276,"column":7},"end":{"line":276,"column":35}},{"start":{"line":277,"column":9},"end":{"line":277,"column":51}},{"start":{"line":278,"column":6},"end":{"line":278,"column":52}}]},"14":{"loc":{"start":{"line":279,"column":4},"end":{"line":281,"column":5}},"type":"if","locations":[{"start":{"line":279,"column":4},"end":{"line":281,"column":5}}]},"15":{"loc":{"start":{"line":302,"column":8},"end":{"line":327,"column":9}},"type":"if","locations":[{"start":{"line":302,"column":8},"end":{"line":327,"column":9}}]},"16":{"loc":{"start":{"line":309,"column":14},"end":{"line":309,"column":34}},"type":"if","locations":[{"start":{"line":309,"column":14},"end":{"line":309,"column":34}}]},"17":{"loc":{"start":{"line":310,"column":46},"end":{"line":310,"column":63}},"type":"binary-expr","locations":[{"start":{"line":310,"column":46},"end":{"line":310,"column":57}},{"start":{"line":310,"column":61},"end":{"line":310,"column":63}}]},"18":{"loc":{"start":{"line":311,"column":14},"end":{"line":314,"column":18}},"type":"if","locations":[{"start":{"line":311,"column":14},"end":{"line":314,"column":18}}]},"19":{"loc":{"start":{"line":313,"column":78},"end":{"line":313,"column":136}},"type":"cond-expr","locations":[{"start":{"line":313,"column":99},"end":{"line":313,"column":122}},{"start":{"line":313,"column":125},"end":{"line":313,"column":136}}]},"20":{"loc":{"start":{"line":315,"column":14},"end":{"line":320,"column":17}},"type":"if","locations":[{"start":{"line":315,"column":14},"end":{"line":320,"column":17}}]}},"s":{"0":1,"1":1,"2":1,"3":1,"4":1,"5":1,"6":1,"7":1,"8":1,"9":1,"10":9,"11":9,"12":9,"13":9,"14":9,"15":9,"16":9,"17":9,"18":8,"19":9,"20":9,"21":9,"22":9,"23":9,"24":9,"25":2,"26":2,"27":9,"28":9,"29":9,"30":9,"31":9,"32":9,"33":0,"34":9,"35":9,"36":9,"37":9,"38":9,"39":9,"40":23,"41":23,"42":14,"43":9,"44":9,"45":0,"46":9,"47":1,"48":1,"49":0,"50":9,"51":9,"52":9,"53":9},"f":{"0":9,"1":9,"2":8,"3":9,"4":2,"5":2,"6":9,"7":9,"8":9,"9":23,"10":9},"b":{"0":[9,4],"1":[0,4],"2":[0,9],"3":[4,5],"4":[1,4],"5":[5,1],"6":[9,4],"7":[9,4],"8":[2,2],"9":[2,2],"10":[3,6],"11":[9,9],"12":[9],"13":[9,6,6],"14":[0],"15":[9],"16":[14],"17":[9,7],"18":[0],"19":[0,0],"20":[1]}}
,"/home/tvenceslau/local-workspace/decaf-ts/injectable-decorators/src/index.ts": {"path":"/home/tvenceslau/local-workspace/decaf-ts/injectable-decorators/src/index.ts","statementMap":{"0":{"start":{"line":10,"column":0},"end":{"line":10,"column":48}},"1":{"start":{"line":12,"column":0},"end":{"line":12,"column":28}},"2":{"start":{"line":13,"column":0},"end":{"line":13,"column":29}},"3":{"start":{"line":14,"column":0},"end":{"line":14,"column":30}},"4":{"start":{"line":15,"column":0},"end":{"line":15,"column":27}},"5":{"start":{"line":16,"column":0},"end":{"line":16,"column":24}},"6":{"start":{"line":17,"column":0},"end":{"line":17,"column":24}},"7":{"start":{"line":25,"column":13},"end":{"line":25,"column":37}},"8":{"start":{"line":26,"column":13},"end":{"line":26,"column":42}},"9":{"start":{"line":27,"column":0},"end":{"line":27,"column":48}}},"fnMap":{},"branchMap":{},"s":{"0":1,"1":1,"2":1,"3":1,"4":1,"5":1,"6":1,"7":1,"8":1,"9":1},"f":{},"b":{}}
,"/home/tvenceslau/local-workspace/decaf-ts/injectable-decorators/src/overrides.ts": {"path":"/home/tvenceslau/local-workspace/decaf-ts/injectable-decorators/src/overrides.ts","statementMap":{"0":{"start":{"line":1,"column":0},"end":{"line":1,"column":61}},"1":{"start":{"line":2,"column":0},"end":{"line":2,"column":46}},"2":{"start":{"line":5,"column":1},"end":{"line":21,"column":2}},"3":{"start":{"line":10,"column":15},"end":{"line":10,"column":75}},"4":{"start":{"line":11,"column":2},"end":{"line":11,"column":30}},"5":{"start":{"line":11,"column":13},"end":{"line":11,"column":30}},"6":{"start":{"line":12,"column":2},"end":{"line":12,"column":29}},"7":{"start":{"line":12,"column":17},"end":{"line":12,"column":29}},"8":{"start":{"line":14,"column":2},"end":{"line":19,"column":3}},"9":{"start":{"line":15,"column":4},"end":{"line":16,"column":73}},"10":{"start":{"line":15,"column":38},"end":{"line":15,"column":68}},"11":{"start":{"line":16,"column":9},"end":{"line":16,"column":73}},"12":{"start":{"line":18,"column":4},"end":{"line":18,"column":22}},"13":{"start":{"line":20,"column":2},"end":{"line":20,"column":22}},"14":{"start":{"line":23,"column":1},"end":{"line":32,"column":2}},"15":{"start":{"line":27,"column":15},"end":{"line":29,"column":null}},"16":{"start":{"line":31,"column":2},"end":{"line":31,"column":78}}},"fnMap":{"0":{"name":"(anonymous_0)","decl":{"start":{"line":5,"column":32},"end":{"line":5,"column":null}},"loc":{"start":{"line":8,"column":14},"end":{"line":21,"column":1}}},"1":{"name":"(anonymous_1)","decl":{"start":{"line":23,"column":29},"end":{"line":23,"column":null}},"loc":{"start":{"line":25,"column":10},"end":{"line":32,"column":1}}}},"branchMap":{"0":{"loc":{"start":{"line":11,"column":2},"end":{"line":11,"column":30}},"type":"if","locations":[{"start":{"line":11,"column":2},"end":{"line":11,"column":30}}]},"1":{"loc":{"start":{"line":12,"column":2},"end":{"line":12,"column":29}},"type":"if","locations":[{"start":{"line":12,"column":2},"end":{"line":12,"column":29}}]},"2":{"loc":{"start":{"line":14,"column":2},"end":{"line":19,"column":3}},"type":"if","locations":[{"start":{"line":14,"column":2},"end":{"line":19,"column":3}},{"start":{"line":17,"column":9},"end":{"line":19,"column":3}}]},"3":{"loc":{"start":{"line":15,"column":4},"end":{"line":16,"column":73}},"type":"if","locations":[{"start":{"line":15,"column":4},"end":{"line":16,"column":73}},{"start":{"line":16,"column":9},"end":{"line":16,"column":73}}]},"4":{"loc":{"start":{"line":16,"column":34},"end":{"line":16,"column":71}},"type":"binary-expr","locations":[{"start":{"line":16,"column":34},"end":{"line":16,"column":59}},{"start":{"line":16,"column":63},"end":{"line":16,"column":71}}]},"5":{"loc":{"start":{"line":29,"column":32},"end":{"line":29,"column":84}},"type":"cond-expr","locations":[{"start":{"line":29,"column":39},"end":{"line":29,"column":79}},{"start":{"line":29,"column":82},"end":{"line":29,"column":84}}]}},"s":{"0":0,"1":0,"2":0,"3":0,"4":0,"5":0,"6":0,"7":0,"8":0,"9":0,"10":0,"11":0,"12":0,"13":0,"14":0,"15":0,"16":0},"f":{"0":0,"1":0},"b":{"0":[0],"1":[0],"2":[0,0],"3":[0,0],"4":[0,0],"5":[0,0]}}
,"/home/tvenceslau/local-workspace/decaf-ts/injectable-decorators/src/registry.ts": {"path":"/home/tvenceslau/local-workspace/decaf-ts/injectable-decorators/src/registry.ts","statementMap":{"0":{"start":{"line":2,"column":0},"end":{"line":2,"column":46}},"1":{"start":{"line":3,"column":0},"end":{"line":3,"column":39}},"2":{"start":{"line":108,"column":10},"end":{"line":108,"column":52}},"3":{"start":{"line":111,"column":4},"end":{"line":111,"column":60}},"4":{"start":{"line":111,"column":34},"end":{"line":111,"column":60}},"5":{"start":{"line":112,"column":4},"end":{"line":112,"column":53}},"6":{"start":{"line":122,"column":4},"end":{"line":122,"column":58}},"7":{"start":{"line":122,"column":34},"end":{"line":122,"column":58}},"8":{"start":{"line":123,"column":4},"end":{"line":129,"column":5}},"9":{"start":{"line":124,"column":19},"end":{"line":126,"column":null}},"10":{"start":{"line":128,"column":6},"end":{"line":128,"column":69}},"11":{"start":{"line":130,"column":4},"end":{"line":130,"column":63}},"12":{"start":{"line":130,"column":15},"end":{"line":130,"column":63}},"13":{"start":{"line":132,"column":4},"end":{"line":134,"column":5}},"14":{"start":{"line":133,"column":6},"end":{"line":133,"column":23}},"15":{"start":{"line":135,"column":18},"end":{"line":135,"column":34}},"16":{"start":{"line":136,"column":4},"end":{"line":137,"column":42}},"17":{"start":{"line":137,"column":6},"end":{"line":137,"column":42}},"18":{"start":{"line":138,"column":4},"end":{"line":138,"column":58}},"19":{"start":{"line":149,"column":41},"end":{"line":149,"column":67}},"20":{"start":{"line":151,"column":24},"end":{"line":151,"column":60}},"21":{"start":{"line":152,"column":4},"end":{"line":155,"column":8}},"22":{"start":{"line":153,"column":6},"end":{"line":155,"column":8}},"23":{"start":{"line":157,"column":17},"end":{"line":157,"column":64}},"24":{"start":{"line":159,"column":4},"end":{"line":164,"column":8}},"25":{"start":{"line":160,"column":6},"end":{"line":164,"column":8}},"26":{"start":{"line":170,"column":37},"end":{"line":170,"column":53}},"27":{"start":{"line":172,"column":4},"end":{"line":178,"column":5}},"28":{"start":{"line":173,"column":6},"end":{"line":173,"column":42}},"29":{"start":{"line":175,"column":6},"end":{"line":177,"column":8}},"30":{"start":{"line":179,"column":4},"end":{"line":181,"column":5}},"31":{"start":{"line":180,"column":6},"end":{"line":180,"column":43}},"32":{"start":{"line":182,"column":4},"end":{"line":182,"column":73}},"33":{"start":{"line":182,"column":26},"end":{"line":182,"column":73}},"34":{"start":{"line":183,"column":4},"end":{"line":183,"column":20}},"35":{"start":{"line":107,"column":0},"end":{"line":107,"column":13}}},"fnMap":{"0":{"name":"(anonymous_0)","decl":{"start":{"line":107,"column":0},"end":{"line":107,"column":13}},"loc":{"start":{"line":107,"column":0},"end":{"line":185,"column":1}}},"1":{"name":"(anonymous_1)","decl":{"start":{"line":110,"column":2},"end":{"line":110,"column":5}},"loc":{"start":{"line":110,"column":51},"end":{"line":113,"column":3}}},"2":{"name":"(anonymous_2)","decl":{"start":{"line":118,"column":2},"end":{"line":118,"column":5}},"loc":{"start":{"line":120,"column":18},"end":{"line":139,"column":3}}},"3":{"name":"(anonymous_3)","decl":{"start":{"line":143,"column":2},"end":{"line":143,"column":10}},"loc":{"start":{"line":147,"column":26},"end":{"line":165,"column":3}}},"4":{"name":"(anonymous_4)","decl":{"start":{"line":169,"column":2},"end":{"line":169,"column":7}},"loc":{"start":{"line":169,"column":39},"end":{"line":184,"column":3}}}},"branchMap":{"0":{"loc":{"start":{"line":111,"column":4},"end":{"line":111,"column":60}},"type":"if","locations":[{"start":{"line":111,"column":4},"end":{"line":111,"column":60}}]},"1":{"loc":{"start":{"line":122,"column":4},"end":{"line":122,"column":58}},"type":"if","locations":[{"start":{"line":122,"column":4},"end":{"line":122,"column":58}}]},"2":{"loc":{"start":{"line":123,"column":4},"end":{"line":129,"column":5}},"type":"if","locations":[{"start":{"line":123,"column":4},"end":{"line":129,"column":5}}]},"3":{"loc":{"start":{"line":128,"column":14},"end":{"line":128,"column":68}},"type":"binary-expr","locations":[{"start":{"line":128,"column":14},"end":{"line":128,"column":37}},{"start":{"line":128,"column":41},"end":{"line":128,"column":68}}]},"4":{"loc":{"start":{"line":130,"column":4},"end":{"line":130,"column":63}},"type":"if","locations":[{"start":{"line":130,"column":4},"end":{"line":130,"column":63}}]},"5":{"loc":{"start":{"line":132,"column":4},"end":{"line":134,"column":5}},"type":"if","locations":[{"start":{"line":132,"column":4},"end":{"line":134,"column":5}}]},"6":{"loc":{"start":{"line":136,"column":4},"end":{"line":137,"column":42}},"type":"if","locations":[{"start":{"line":136,"column":4},"end":{"line":137,"column":42}}]},"7":{"loc":{"start":{"line":136,"column":8},"end":{"line":136,"column":51}},"type":"binary-expr","locations":[{"start":{"line":136,"column":8},"end":{"line":136,"column":32}},{"start":{"line":136,"column":36},"end":{"line":136,"column":51}}]},"8":{"loc":{"start":{"line":138,"column":11},"end":{"line":138,"column":57}},"type":"binary-expr","locations":[{"start":{"line":138,"column":11},"end":{"line":138,"column":25}},{"start":{"line":138,"column":29},"end":{"line":138,"column":57}}]},"9":{"loc":{"start":{"line":147,"column":4},"end":{"line":147,"column":26}},"type":"default-arg","locations":[{"start":{"line":147,"column":21},"end":{"line":147,"column":26}}]},"10":{"loc":{"start":{"line":151,"column":24},"end":{"line":151,"column":60}},"type":"binary-expr","locations":[{"start":{"line":151,"column":24},"end":{"line":151,"column":37}},{"start":{"line":151,"column":41},"end":{"line":151,"column":60}}]},"11":{"loc":{"start":{"line":152,"column":4},"end":{"line":155,"column":8}},"type":"if","locations":[{"start":{"line":152,"column":4},"end":{"line":155,"column":8}}]},"12":{"loc":{"start":{"line":152,"column":8},"end":{"line":152,"column":53}},"type":"binary-expr","locations":[{"start":{"line":152,"column":8},"end":{"line":152,"column":37}},{"start":{"line":152,"column":41},"end":{"line":152,"column":53}}]},"13":{"loc":{"start":{"line":157,"column":17},"end":{"line":157,"column":64}},"type":"binary-expr","locations":[{"start":{"line":157,"column":17},"end":{"line":157,"column":25}},{"start":{"line":157,"column":29},"end":{"line":157,"column":64}}]},"14":{"loc":{"start":{"line":159,"column":4},"end":{"line":164,"column":8}},"type":"if","locations":[{"start":{"line":159,"column":4},"end":{"line":164,"column":8}}]},"15":{"loc":{"start":{"line":159,"column":8},"end":{"line":159,"column":34}},"type":"binary-expr","locations":[{"start":{"line":159,"column":8},"end":{"line":159,"column":25}},{"start":{"line":159,"column":29},"end":{"line":159,"column":34}}]},"16":{"loc":{"start":{"line":161,"column":18},"end":{"line":161,"column":68}},"type":"cond-expr","locations":[{"start":{"line":161,"column":53},"end":{"line":161,"column":56}},{"start":{"line":161,"column":59},"end":{"line":161,"column":68}}]},"17":{"loc":{"start":{"line":161,"column":18},"end":{"line":161,"column":50}},"type":"binary-expr","locations":[{"start":{"line":161,"column":18},"end":{"line":161,"column":35}},{"start":{"line":161,"column":39},"end":{"line":161,"column":50}}]},"18":{"loc":{"start":{"line":162,"column":21},"end":{"line":162,"column":66}},"type":"cond-expr","locations":[{"start":{"line":162,"column":36},"end":{"line":162,"column":39}},{"start":{"line":162,"column":43},"end":{"line":162,"column":66}}]},"19":{"loc":{"start":{"line":179,"column":4},"end":{"line":181,"column":5}},"type":"if","locations":[{"start":{"line":179,"column":4},"end":{"line":181,"column":5}}]},"20":{"loc":{"start":{"line":182,"column":4},"end":{"line":182,"column":73}},"type":"if","locations":[{"start":{"line":182,"column":4},"end":{"line":182,"column":73}}]}},"s":{"0":1,"1":1,"2":3,"3":0,"4":0,"5":0,"6":24,"7":3,"8":24,"9":13,"10":13,"11":24,"12":0,"13":24,"14":1,"15":23,"16":23,"17":5,"18":18,"19":9,"20":9,"21":9,"22":0,"23":9,"24":9,"25":9,"26":11,"27":11,"28":11,"29":0,"30":11,"31":6,"32":11,"33":1,"34":11,"35":1},"f":{"0":3,"1":0,"2":24,"3":9,"4":11},"b":{"0":[0],"1":[3],"2":[13],"3":[13,1],"4":[0],"5":[1],"6":[5],"7":[23,5],"8":[18,6],"9":[9],"10":[9,0],"11":[0],"12":[9,0],"13":[9,0],"14":[9],"15":[9,0],"16":[0,9],"17":[9,6],"18":[9,0],"19":[6],"20":[1]}}
,"/home/tvenceslau/local-workspace/decaf-ts/injectable-decorators/src/utils.ts": {"path":"/home/tvenceslau/local-workspace/decaf-ts/injectable-decorators/src/utils.ts","statementMap":{"0":{"start":{"line":1,"column":0},"end":{"line":1,"column":46}},"1":{"start":{"line":11,"column":28},"end":{"line":11,"column":74}},"2":{"start":{"line":11,"column":45},"end":{"line":11,"column":74}},"3":{"start":{"line":11,"column":13},"end":{"line":11,"column":28}}},"fnMap":{"0":{"name":"(anonymous_0)","decl":{"start":{"line":11,"column":28},"end":{"line":11,"column":29}},"loc":{"start":{"line":11,"column":45},"end":{"line":11,"column":74}}}},"branchMap":{},"s":{"0":1,"1":1,"2":40,"3":1},"f":{"0":40},"b":{}}
}
