TN:
SF:src/Injectables.ts
FN:58,(anonymous_0)
FN:69,(anonymous_1)
FN:84,(anonymous_2)
FN:99,(anonymous_3)
FN:109,(anonymous_4)
FN:117,(anonymous_5)
FN:128,(anonymous_6)
FN:138,(anonymous_7)
FN:142,(anonymous_8)
FNF:9
FNH:5
FNDA:0,(anonymous_0)
FNDA:24,(anonymous_1)
FNDA:9,(anonymous_2)
FNDA:0,(anonymous_3)
FNDA:2,(anonymous_4)
FNDA:33,(anonymous_5)
FNDA:1,(anonymous_6)
FNDA:0,(anonymous_7)
FNDA:0,(anonymous_8)
DA:1,1
DA:50,1
DA:56,1
DA:73,24
DA:85,9
DA:100,0
DA:110,2
DA:118,33
DA:119,1
DA:120,33
DA:129,1
DA:139,0
DA:140,0
DA:143,0
DA:144,0
LF:15
LH:10
BRDA:118,0,0,1
BRDA:139,1,0,0
BRDA:139,1,1,0
BRDA:143,2,0,0
BRF:4
BRH:1
end_of_record
TN:
SF:src/constants.ts
FNF:0
FNH:0
DA:12,1
DA:24,1
DA:34,1
LF:3
LH:3
BRF:0
BRH:0
end_of_record
TN:
SF:src/decorators.ts
FN:21,injectableBaseDecorator
FN:38,injectableInnerDecorator
FN:53,(anonymous_2)
FN:189,injectable
FN:207,singleton
FN:226,onDemand
FN:262,injectBaseDecorator
FN:266,injectInnerDecorator
FN:297,(anonymous_8)
FN:307,(anonymous_9)
FN:445,inject
FNF:11
FNH:11
FNDA:9,injectableBaseDecorator
FNDA:9,injectableInnerDecorator
FNDA:8,(anonymous_2)
FNDA:9,injectable
FNDA:2,singleton
FNDA:2,onDemand
FNDA:9,injectBaseDecorator
FNDA:9,injectInnerDecorator
FNDA:9,(anonymous_8)
FNDA:23,(anonymous_9)
FNDA:9,inject
DA:1,1
DA:2,1
DA:3,1
DA:5,1
DA:21,1
DA:25,9
DA:30,9
DA:38,9
DA:39,9
DA:40,9
DA:42,9
DA:47,9
DA:53,9
DA:54,8
DA:58,9
DA:61,9
DA:68,9
DA:74,9
DA:76,9
DA:189,1
DA:193,9
DA:207,1
DA:211,2
DA:226,1
DA:230,2
DA:262,1
DA:266,9
DA:268,9
DA:271,9
DA:272,9
DA:276,9
DA:279,9
DA:280,0
DA:284,9
DA:293,9
DA:295,9
DA:298,9
DA:302,9
DA:304,9
DA:308,23
DA:309,23
DA:310,9
DA:311,9
DA:312,0
DA:315,9
DA:316,1
DA:317,1
DA:319,0
DA:321,9
DA:323,9
DA:326,9
DA:445,1
DA:449,9
LF:53
LH:50
BRDA:26,0,0,9
BRDA:26,0,1,4
BRDA:27,1,0,0
BRDA:27,1,1,4
BRDA:31,2,0,0
BRDA:31,2,1,9
BRDA:33,3,0,4
BRDA:33,3,1,5
BRDA:35,4,0,1
BRDA:35,4,1,4
BRDA:35,5,0,5
BRDA:35,5,1,1
BRDA:39,6,0,9
BRDA:39,6,1,4
BRDA:40,7,0,9
BRDA:40,7,1,4
BRDA:213,8,0,2
BRDA:213,8,1,2
BRDA:232,9,0,2
BRDA:232,9,1,2
BRDA:268,10,0,3
BRDA:268,10,1,6
BRDA:268,11,0,9
BRDA:268,11,1,9
BRDA:271,12,0,9
BRDA:276,13,0,9
BRDA:276,13,1,6
BRDA:276,13,2,6
BRDA:279,14,0,0
BRDA:302,15,0,9
BRDA:309,16,0,14
BRDA:310,17,0,9
BRDA:310,17,1,7
BRDA:311,18,0,0
BRDA:313,19,0,0
BRDA:313,19,1,0
BRDA:315,20,0,1
BRF:37
BRH:31
end_of_record
TN:
SF:src/index.ts
FNF:0
FNH:0
DA:10,1
DA:12,1
DA:13,1
DA:14,1
DA:15,1
DA:16,1
DA:17,1
DA:25,1
DA:26,1
DA:27,1
LF:10
LH:10
BRF:0
BRH:0
end_of_record
TN:
SF:src/overrides.ts
FN:5,(anonymous_0)
FN:23,(anonymous_1)
FNF:2
FNH:0
FNDA:0,(anonymous_0)
FNDA:0,(anonymous_1)
DA:1,0
DA:2,0
DA:5,0
DA:10,0
DA:11,0
DA:12,0
DA:14,0
DA:15,0
DA:16,0
DA:18,0
DA:20,0
DA:23,0
DA:27,0
DA:31,0
LF:14
LH:0
BRDA:11,0,0,0
BRDA:12,1,0,0
BRDA:14,2,0,0
BRDA:14,2,1,0
BRDA:15,3,0,0
BRDA:15,3,1,0
BRDA:16,4,0,0
BRDA:16,4,1,0
BRDA:29,5,0,0
BRDA:29,5,1,0
BRF:10
BRH:0
end_of_record
TN:
SF:src/registry.ts
FN:107,(anonymous_0)
FN:110,(anonymous_1)
FN:118,(anonymous_2)
FN:143,(anonymous_3)
FN:169,(anonymous_4)
FNF:5
FNH:4
FNDA:3,(anonymous_0)
FNDA:0,(anonymous_1)
FNDA:24,(anonymous_2)
FNDA:9,(anonymous_3)
FNDA:11,(anonymous_4)
DA:2,1
DA:3,1
DA:107,1
DA:108,3
DA:111,0
DA:112,0
DA:122,24
DA:123,24
DA:124,13
DA:128,13
DA:130,24
DA:132,24
DA:133,1
DA:135,23
DA:136,23
DA:137,5
DA:138,18
DA:149,9
DA:151,9
DA:152,9
DA:153,0
DA:157,9
DA:159,9
DA:160,9
DA:170,11
DA:172,11
DA:173,11
DA:175,0
DA:179,11
DA:180,6
DA:182,11
DA:183,11
LF:32
LH:28
BRDA:111,0,0,0
BRDA:122,1,0,3
BRDA:123,2,0,13
BRDA:128,3,0,13
BRDA:128,3,1,1
BRDA:130,4,0,0
BRDA:132,5,0,1
BRDA:136,6,0,5
BRDA:136,7,0,23
BRDA:136,7,1,5
BRDA:138,8,0,18
BRDA:138,8,1,6
BRDA:147,9,0,9
BRDA:151,10,0,9
BRDA:151,10,1,0
BRDA:152,11,0,0
BRDA:152,12,0,9
BRDA:152,12,1,0
BRDA:157,13,0,9
BRDA:157,13,1,0
BRDA:159,14,0,9
BRDA:159,15,0,9
BRDA:159,15,1,0
BRDA:161,16,0,0
BRDA:161,16,1,9
BRDA:161,17,0,9
BRDA:161,17,1,6
BRDA:162,18,0,9
BRDA:162,18,1,0
BRDA:179,19,0,6
BRDA:182,20,0,1
BRF:31
BRH:22
end_of_record
TN:
SF:src/utils.ts
FN:11,(anonymous_0)
FNF:1
FNH:1
FNDA:40,(anonymous_0)
DA:1,1
DA:11,40
LF:2
LH:2
BRF:0
BRH:0
end_of_record
