TN:
SF:../../home/tvenceslau/local-workspace/others/decaf-kit/src/index.ts
FN:2,(anonymous_0)
FNF:1
FNH:0
FNDA:0,(anonymous_0)
DA:2,0
DA:5,0
LF:2
LH:0
BRF:0
BRH:0
end_of_record
TN:
SF:../../home/tvenceslau/local-workspace/others/decaf-kit/src/cli/configureAcronyms.ts
FN:11,runConfigureAcronyms
FNF:1
FNH:1
FNDA:2,runConfigureAcronyms
DA:1,1
DA:2,1
DA:3,1
DA:11,1
DA:12,2
DA:16,2
DA:17,2
DA:18,2
DA:20,2
DA:22,1
DA:25,1
DA:26,1
DA:27,1
DA:28,1
DA:32,0
DA:33,0
DA:34,0
DA:35,0
DA:37,0
DA:38,0
DA:39,0
DA:40,0
DA:43,0
DA:44,0
DA:45,0
DA:46,0
DA:47,0
DA:48,0
DA:51,0
DA:52,0
DA:54,0
DA:58,1
LF:32
LH:15
BRDA:11,0,0,0
BRDA:18,1,0,2
BRDA:18,1,1,0
BRDA:18,2,0,2
BRDA:18,2,1,1
BRDA:20,3,0,1
BRDA:25,4,0,1
BRDA:38,5,0,0
BRDA:38,5,1,0
BRDA:40,6,0,0
BRDA:40,7,0,0
BRDA:40,7,1,0
BRDA:44,8,0,0
BRF:13
BRH:5
end_of_record
TN:
SF:../../home/tvenceslau/local-workspace/others/decaf-kit/src/cli/updateAcronyms.ts
FN:6,walk
FN:20,scanAndWrite
FN:56,(anonymous_12)
FN:73,runUpdateAcronymsCLI
FN:74,(anonymous_14)
FN:82,(anonymous_15)
FN:109,(anonymous_16)
FN:111,(anonymous_17)
FN:115,(anonymous_18)
FN:128,(anonymous_19)
FN:147,(anonymous_20)
FN:159,(anonymous_21)
FN:159,(anonymous_22)
FNF:13
FNH:0
FNDA:0,walk
FNDA:0,scanAndWrite
FNDA:0,(anonymous_12)
FNDA:0,runUpdateAcronymsCLI
FNDA:0,(anonymous_14)
FNDA:0,(anonymous_15)
FNDA:0,(anonymous_16)
FNDA:0,(anonymous_17)
FNDA:0,(anonymous_18)
FNDA:0,(anonymous_19)
FNDA:0,(anonymous_20)
FNDA:0,(anonymous_21)
FNDA:0,(anonymous_22)
DA:2,0
DA:3,0
DA:4,0
DA:7,0
DA:8,0
DA:9,0
DA:10,0
DA:11,0
DA:12,0
DA:13,0
DA:14,0
DA:15,0
DA:21,0
DA:22,0
DA:24,0
DA:25,0
DA:26,0
DA:27,0
DA:28,0
DA:29,0
DA:30,0
DA:31,0
DA:32,0
DA:34,0
DA:35,0
DA:36,0
DA:37,0
DA:42,0
DA:43,0
DA:46,0
DA:47,0
DA:48,0
DA:50,0
DA:51,0
DA:52,0
DA:53,0
DA:54,0
DA:55,0
DA:56,0
DA:58,0
DA:59,0
DA:60,0
DA:63,0
DA:67,0
DA:68,0
DA:69,0
DA:70,0
DA:73,0
DA:74,0
DA:75,0
DA:76,0
DA:77,0
DA:78,0
DA:81,0
DA:82,0
DA:83,0
DA:85,0
DA:86,0
DA:87,0
DA:88,0
DA:89,0
DA:90,0
DA:91,0
DA:92,0
DA:93,0
DA:94,0
DA:95,0
DA:99,0
DA:100,0
DA:104,0
DA:105,0
DA:106,0
DA:107,0
DA:108,0
DA:109,0
DA:110,0
DA:111,0
DA:112,0
DA:113,0
DA:115,0
DA:116,0
DA:118,0
DA:120,0
DA:126,0
DA:127,0
DA:128,0
DA:129,0
DA:130,0
DA:131,0
DA:132,0
DA:134,0
DA:136,0
DA:139,0
DA:140,0
DA:143,0
DA:146,0
DA:147,0
DA:148,0
DA:150,0
DA:151,0
DA:154,0
DA:158,0
DA:159,0
DA:162,0
LF:104
LH:0
BRDA:10,0,0,0
BRDA:10,1,0,0
BRDA:10,1,1,0
BRDA:10,1,2,0
BRDA:12,2,0,0
BRDA:12,2,1,0
BRDA:14,3,0,0
BRDA:15,4,0,0
BRDA:27,5,0,0
BRDA:30,6,0,0
BRDA:30,6,1,0
BRDA:31,7,0,0
BRDA:31,7,1,0
BRDA:37,8,0,0
BRDA:56,9,0,0
BRDA:56,10,0,0
BRDA:56,10,1,0
BRDA:56,10,2,0
BRDA:58,11,0,0
BRDA:73,12,0,0
BRDA:75,13,0,0
BRDA:75,13,1,0
BRDA:81,14,0,0
BRDA:83,15,0,0
BRDA:83,15,1,0
BRDA:90,16,0,0
BRDA:90,16,1,0
BRDA:91,17,0,0
BRDA:91,17,1,0
BRDA:95,18,0,0
BRDA:112,19,0,0
BRDA:113,20,0,0
BRDA:115,21,0,0
BRDA:115,21,1,0
BRDA:116,22,0,0
BRDA:116,22,1,0
BRDA:158,23,0,0
BRF:37
BRH:0
end_of_record
TN:
SF:../../home/tvenceslau/local-workspace/others/decaf-kit/src/lib/branchValidator.ts
FN:3,validateBranchName
FNF:1
FNH:1
FNDA:3,validateBranchName
DA:3,1
DA:4,3
DA:5,3
DA:6,3
DA:7,2
DA:8,2
DA:9,2
DA:11,0
DA:14,1
DA:15,0
DA:18,1
DA:21,1
LF:12
LH:10
BRDA:4,0,0,0
BRDA:6,1,0,2
BRDA:6,2,0,3
BRDA:6,2,1,2
BRDA:14,3,0,0
BRDA:14,4,0,1
BRDA:14,4,1,0
BRDA:15,5,0,0
BRDA:15,5,1,0
BRF:9
BRH:4
end_of_record
TN:
SF:../../home/tvenceslau/local-workspace/others/decaf-kit/src/lib/constitution.ts
FN:10,readConstitutionFile
FN:15,extractAcronymsBlock
FN:27,buildAcronymsBlock
FN:37,(anonymous_13)
FN:39,(anonymous_14)
FN:41,(anonymous_15)
FN:50,ensureAcronymsBlock
FN:73,(anonymous_17)
FN:124,(anonymous_18)
FN:128,(anonymous_19)
FN:145,readAcronyms
FN:152,(anonymous_21)
FN:168,updateAcronyms
FN:188,(anonymous_23)
FN:193,(anonymous_24)
FN:202,(anonymous_25)
FN:220,(anonymous_26)
FN:230,(anonymous_27)
FN:254,(anonymous_28)
FN:255,(anonymous_29)
FN:272,(anonymous_30)
FN:277,(anonymous_31)
FN:283,(anonymous_32)
FN:288,(anonymous_33)
FN:295,readConstitution
FN:335,writeConstitution
FN:340,getAcronyms
FN:345,parseAcronymsFromFile
FN:357,(anonymous_38)
FNF:29
FNH:19
FNDA:0,readConstitutionFile
FNDA:5,extractAcronymsBlock
FNDA:3,buildAcronymsBlock
FNDA:6,(anonymous_13)
FNDA:0,(anonymous_14)
FNDA:0,(anonymous_15)
FNDA:3,ensureAcronymsBlock
FNDA:12,(anonymous_17)
FNDA:0,(anonymous_18)
FNDA:0,(anonymous_19)
FNDA:0,readAcronyms
FNDA:0,(anonymous_21)
FNDA:0,updateAcronyms
FNDA:18,(anonymous_23)
FNDA:22,(anonymous_24)
FNDA:22,(anonymous_25)
FNDA:16,(anonymous_26)
FNDA:80,(anonymous_27)
FNDA:6,(anonymous_28)
FNDA:0,(anonymous_29)
FNDA:6,(anonymous_30)
FNDA:1,(anonymous_31)
FNDA:2,(anonymous_32)
FNDA:1,(anonymous_33)
FNDA:5,readConstitution
FNDA:3,writeConstitution
FNDA:0,getAcronyms
FNDA:2,parseAcronymsFromFile
FNDA:18,(anonymous_38)
DA:1,3
DA:2,3
DA:5,3
DA:10,3
DA:11,0
DA:12,0
DA:15,3
DA:16,5
DA:17,5
DA:18,5
DA:19,3
DA:21,2
DA:22,2
DA:23,2
DA:24,2
DA:27,3
DA:28,3
DA:29,3
DA:30,3
DA:31,3
DA:33,3
DA:37,6
DA:39,0
DA:41,0
DA:47,3
DA:50,3
DA:51,3
DA:52,3
DA:53,3
DA:54,3
DA:56,0
DA:57,0
DA:59,3
DA:60,3
DA:62,0
DA:67,3
DA:68,3
DA:69,3
DA:70,3
DA:72,2
DA:73,12
DA:74,2
DA:75,2
DA:76,12
DA:77,10
DA:78,10
DA:79,10
DA:80,10
DA:81,10
DA:82,2
DA:83,2
DA:85,8
DA:86,8
DA:90,2
DA:91,2
DA:92,2
DA:93,2
DA:96,3
DA:97,3
DA:98,3
DA:99,3
DA:101,3
DA:102,3
DA:103,3
DA:109,3
DA:111,0
DA:119,3
DA:120,0
DA:124,0
DA:126,0
DA:127,0
DA:128,0
DA:130,0
DA:132,0
DA:133,0
DA:134,0
DA:135,0
DA:136,0
DA:138,0
DA:145,3
DA:146,0
DA:147,0
DA:148,0
DA:149,0
DA:151,0
DA:152,0
DA:153,0
DA:154,0
DA:155,0
DA:156,0
DA:157,0
DA:158,0
DA:159,0
DA:160,0
DA:165,0
DA:168,3
DA:169,0
DA:170,0
DA:171,0
DA:172,0
DA:174,0
DA:175,0
DA:177,0
DA:178,0
DA:179,0
DA:180,0
DA:181,0
DA:185,3
DA:189,18
DA:190,18
DA:194,22
DA:195,22
DA:197,1
DA:198,1
DA:204,22
DA:205,22
DA:206,22
DA:207,22
DA:208,22
DA:209,5
DA:210,5
DA:211,5
DA:212,5
DA:215,17
DA:216,17
DA:217,17
DA:221,16
DA:222,16
DA:223,16
DA:225,16
DA:226,16
DA:227,10
DA:229,10
DA:230,80
DA:231,10
DA:232,10
DA:233,80
DA:234,65
DA:235,65
DA:236,65
DA:237,65
DA:238,65
DA:239,20
DA:240,20
DA:243,45
DA:244,45
DA:248,10
DA:249,10
DA:250,10
DA:255,6
DA:256,6
DA:257,6
DA:259,6
DA:260,6
DA:261,6
DA:263,5
DA:265,6
DA:266,6
DA:267,6
DA:268,6
DA:269,6
DA:273,6
DA:274,6
DA:278,1
DA:279,1
DA:280,1
DA:284,2
DA:285,2
DA:289,1
DA:290,1
DA:291,1
DA:295,3
DA:296,5
DA:300,5
DA:301,5
DA:302,5
DA:303,5
DA:306,0
DA:310,0
DA:311,0
DA:312,0
DA:313,0
DA:314,0
DA:315,0
DA:316,0
DA:317,0
DA:318,0
DA:320,0
DA:323,0
DA:325,0
DA:326,0
DA:327,0
DA:328,0
DA:330,0
DA:332,0
DA:335,3
DA:336,3
DA:337,3
DA:340,3
DA:341,0
DA:342,0
DA:345,3
DA:346,2
DA:347,2
DA:348,2
DA:350,2
DA:351,2
DA:352,2
DA:353,0
DA:354,0
DA:356,2
DA:357,18
DA:358,2
DA:359,2
DA:360,2
DA:361,12
DA:362,12
DA:363,10
DA:364,8
DA:365,6
DA:366,6
DA:369,2
DA:371,0
DA:372,0
DA:376,3
LF:225
LH:155
BRDA:11,0,0,0
BRDA:11,0,1,0
BRDA:18,1,0,3
BRDA:18,2,0,5
BRDA:18,2,1,2
BRDA:18,2,2,2
BRDA:28,3,0,3
BRDA:28,3,1,1
BRDA:29,4,0,3
BRDA:29,4,1,3
BRDA:30,5,0,3
BRDA:30,5,1,3
BRDA:31,6,0,2
BRDA:31,6,1,1
BRDA:39,7,0,0
BRDA:39,7,1,0
BRDA:50,8,0,3
BRDA:51,9,0,3
BRDA:51,9,1,3
BRDA:60,10,0,0
BRDA:67,11,0,3
BRDA:70,12,0,2
BRDA:70,13,0,3
BRDA:70,13,1,3
BRDA:76,14,0,2
BRDA:76,15,0,12
BRDA:76,15,1,10
BRDA:78,16,0,0
BRDA:80,17,0,2
BRDA:80,17,1,8
BRDA:81,18,0,2
BRDA:81,18,1,8
BRDA:81,19,0,10
BRDA:81,19,1,10
BRDA:86,20,0,2
BRDA:86,20,1,6
BRDA:86,21,0,0
BRDA:86,21,1,6
BRDA:90,22,0,2
BRDA:90,23,0,2
BRDA:90,23,1,2
BRDA:90,24,0,2
BRDA:90,24,1,0
BRDA:91,25,0,0
BRDA:91,26,0,0
BRDA:91,26,1,0
BRDA:91,27,0,0
BRDA:91,27,1,0
BRDA:92,28,0,0
BRDA:92,29,0,0
BRDA:92,29,1,0
BRDA:92,30,0,0
BRDA:92,30,1,0
BRDA:93,31,0,2
BRDA:104,32,0,3
BRDA:104,32,1,3
BRDA:104,32,2,1
BRDA:105,33,0,3
BRDA:105,33,1,3
BRDA:105,33,2,3
BRDA:106,34,0,3
BRDA:106,34,1,3
BRDA:106,34,2,3
BRDA:107,35,0,2
BRDA:107,35,1,1
BRDA:107,36,0,3
BRDA:107,36,1,3
BRDA:119,37,0,0
BRDA:146,38,0,0
BRDA:146,38,1,0
BRDA:149,39,0,0
BRDA:152,40,0,0
BRDA:152,40,1,0
BRDA:155,41,0,0
BRDA:158,42,0,0
BRDA:158,42,1,0
BRDA:158,43,0,0
BRDA:158,43,1,0
BRDA:158,43,2,0
BRDA:158,43,3,0
BRDA:160,44,0,0
BRDA:169,45,0,0
BRDA:169,45,1,0
BRDA:180,46,0,0
BRDA:180,46,1,0
BRDA:190,47,0,18
BRDA:190,47,1,8
BRDA:208,48,0,5
BRDA:208,49,0,22
BRDA:208,49,1,5
BRDA:208,49,2,5
BRDA:212,50,0,5
BRDA:217,51,0,16
BRDA:217,51,1,1
BRDA:223,52,0,0
BRDA:233,53,0,15
BRDA:233,54,0,80
BRDA:233,54,1,65
BRDA:235,55,0,0
BRDA:237,56,0,20
BRDA:237,56,1,45
BRDA:237,57,0,65
BRDA:237,57,1,45
BRDA:238,58,0,20
BRDA:238,58,1,45
BRDA:244,59,0,10
BRDA:244,59,1,35
BRDA:244,60,0,0
BRDA:244,60,1,35
BRDA:248,61,0,0
BRDA:249,62,0,10
BRDA:256,63,0,6
BRDA:256,63,1,1
BRDA:257,64,0,5
BRDA:257,64,1,1
BRDA:265,65,0,6
BRDA:265,65,1,0
BRDA:274,66,0,6
BRDA:274,66,1,6
BRDA:274,66,2,0
BRDA:279,67,0,1
BRDA:279,67,1,0
BRDA:279,68,0,1
BRDA:279,68,1,0
BRDA:285,69,0,0
BRDA:285,69,1,2
BRDA:302,70,0,5
BRDA:302,71,0,5
BRDA:302,71,1,5
BRDA:302,71,2,0
BRDA:302,71,3,0
BRDA:313,72,0,0
BRDA:318,73,0,0
BRDA:346,74,0,2
BRDA:346,74,1,2
BRDA:352,75,0,0
BRDA:354,76,0,0
BRDA:356,77,0,0
BRDA:361,78,0,0
BRDA:362,79,0,2
BRDA:363,80,0,2
BRDA:363,81,0,10
BRDA:363,81,1,2
BRDA:363,81,2,2
BRDA:364,82,0,6
BRDA:366,83,0,6
BRF:146
BRH:93
end_of_record
TN:
SF:../../home/tvenceslau/local-workspace/others/decaf-kit/src/lib/gitUtils.ts
FN:3,runGit
FN:11,currentBranch
FN:19,createBranch
FN:25,commitAll
FNF:4
FNH:4
FNDA:9,runGit
FNDA:2,currentBranch
FNDA:1,createBranch
FNDA:2,commitAll
DA:1,1
DA:3,1
DA:4,9
DA:5,9
DA:7,2
DA:11,1
DA:12,2
DA:13,2
DA:15,1
DA:19,1
DA:20,1
DA:21,1
DA:22,1
DA:25,1
DA:26,2
DA:27,2
DA:28,2
DA:29,1
DA:31,1
DA:32,1
DA:36,1
LF:21
LH:21
BRDA:7,0,0,2
BRDA:7,0,1,0
BRDA:7,1,0,2
BRDA:7,1,1,2
BRDA:20,2,0,1
BRDA:20,2,1,0
BRDA:25,3,0,0
BRF:7
BRH:4
end_of_record
TN:
SF:../../home/tvenceslau/local-workspace/others/decaf-kit/src/lib/jira.ts
FN:7,createIssue
FN:14,(anonymous_10)
FNF:2
FNH:2
FNDA:1,createIssue
FNDA:1,(anonymous_10)
DA:7,1
DA:11,1
DA:14,2
DA:15,0
DA:16,0
DA:17,0
DA:20,1
DA:24,1
DA:27,1
LF:9
LH:6
BRDA:15,0,0,0
BRDA:15,1,0,0
BRDA:15,1,1,0
BRF:3
BRH:0
end_of_record
TN:
SF:../../home/tvenceslau/local-workspace/others/decaf-kit/src/lib/templateResolver.ts
FN:9,resolveAcronymToken
FN:18,(anonymous_2)
FN:29,resolveTemplate
FN:31,(anonymous_4)
FN:38,(anonymous_5)
FN:43,(anonymous_6)
FN:56,resolveAcronymsInText
FN:68,(anonymous_8)
FN:74,(anonymous_9)
FN:81,resolveTemplateFromFile
FNF:10
FNH:9
FNDA:1,resolveAcronymToken
FNDA:2,(anonymous_2)
FNDA:4,resolveTemplate
FNDA:4,(anonymous_4)
FNDA:2,(anonymous_5)
FNDA:2,(anonymous_6)
FNDA:3,resolveAcronymsInText
FNDA:5,(anonymous_8)
FNDA:2,(anonymous_9)
FNDA:0,resolveTemplateFromFile
DA:2,1
DA:3,1
DA:9,1
DA:10,1
DA:11,1
DA:12,1
DA:15,1
DA:18,2
DA:19,1
DA:22,1
DA:25,0
DA:29,1
DA:30,4
DA:31,4
DA:32,4
DA:33,4
DA:36,4
DA:37,3
DA:38,2
DA:39,1
DA:41,1
DA:43,2
DA:46,1
DA:48,1
DA:56,1
DA:57,3
DA:58,3
DA:59,3
DA:60,3
DA:62,0
DA:63,0
DA:67,3
DA:68,3
DA:69,5
DA:70,5
DA:72,1
DA:74,2
DA:77,1
DA:81,1
DA:82,0
DA:83,0
DA:86,1
LF:42
LH:37
BRDA:10,0,0,1
BRDA:10,0,1,0
BRDA:11,1,0,1
BRDA:11,1,1,1
BRDA:11,1,2,0
BRDA:12,2,0,0
BRDA:15,3,0,0
BRDA:19,4,0,0
BRDA:22,5,0,1
BRDA:30,6,0,0
BRDA:33,7,0,4
BRDA:33,7,1,4
BRDA:33,7,2,0
BRDA:36,8,0,3
BRDA:36,9,0,4
BRDA:36,9,1,4
BRDA:37,10,0,2
BRDA:39,11,0,0
BRDA:43,12,0,2
BRDA:43,12,1,0
BRDA:46,13,0,1
BRDA:46,13,1,0
BRDA:58,14,0,3
BRDA:58,15,0,3
BRDA:58,15,1,3
BRDA:70,16,0,4
BRDA:74,17,0,2
BRDA:74,17,1,0
BRDA:77,18,0,1
BRDA:77,18,1,0
BRF:30
BRH:18
end_of_record
TN:
SF:../../home/tvenceslau/local-workspace/others/decaf-kit/src/lib/updateScanner.ts
FN:6,listFiles
FN:8,walk
FN:24,scanForAcronymTokens
FN:26,(anonymous_4)
FN:37,(anonymous_5)
FN:50,generateDryRunJson
FN:53,(anonymous_7)
FN:54,(anonymous_8)
FN:66,applyReplacements
FN:68,(anonymous_10)
FN:77,(anonymous_11)
FNF:11
FNH:8
FNDA:4,listFiles
FNDA:4,walk
FNDA:3,scanForAcronymTokens
FNDA:0,(anonymous_4)
FNDA:0,(anonymous_5)
FNDA:1,generateDryRunJson
FNDA:1,(anonymous_7)
FNDA:1,(anonymous_8)
FNDA:1,applyReplacements
FNDA:0,(anonymous_10)
FNDA:1,(anonymous_11)
DA:1,1
DA:2,1
DA:4,1
DA:6,1
DA:7,4
DA:9,4
DA:10,4
DA:11,5
DA:12,5
DA:13,0
DA:14,0
DA:15,5
DA:16,5
DA:20,4
DA:21,4
DA:24,1
DA:25,3
DA:26,3
DA:27,3
DA:28,3
DA:29,3
DA:30,3
DA:31,3
DA:33,3
DA:34,3
DA:35,3
DA:36,3
DA:37,3
DA:38,3
DA:41,3
DA:43,0
DA:47,3
DA:50,1
DA:51,1
DA:52,1
DA:53,1
DA:54,1
DA:58,1
DA:59,1
DA:60,1
DA:61,1
DA:63,1
DA:66,1
DA:67,1
DA:68,1
DA:69,1
DA:70,1
DA:71,1
DA:72,1
DA:73,1
DA:74,1
DA:75,1
DA:76,1
DA:77,1
DA:78,1
DA:79,1
DA:80,1
DA:81,1
DA:83,1
DA:84,1
DA:85,1
DA:86,1
DA:89,0
DA:93,1
DA:94,1
DA:97,1
LF:66
LH:62
BRDA:12,0,0,0
BRDA:12,0,1,5
BRDA:13,1,0,0
BRDA:13,2,0,0
BRDA:13,2,1,0
BRDA:13,2,2,0
BRDA:15,3,0,5
BRDA:16,4,0,5
BRDA:24,5,0,0
BRDA:37,6,0,3
BRDA:37,7,0,3
BRDA:37,7,1,3
BRDA:37,7,2,3
BRDA:37,7,3,0
BRDA:41,8,0,3
BRDA:50,9,0,0
BRDA:58,10,0,1
BRDA:66,11,0,0
BRDA:69,12,0,1
BRDA:69,12,1,1
BRDA:69,12,2,0
BRDA:69,12,3,0
BRDA:79,13,0,1
BRDA:79,13,1,0
BRDA:79,13,2,0
BRDA:81,14,0,1
BRDA:81,14,1,0
BRDA:83,15,0,1
BRF:28
BRH:14
end_of_record
TN:
SF:../../home/tvenceslau/local-workspace/others/decaf-kit/src/types/@decaf-ts__mcp-server.d.ts
FNF:0
FNH:0
LF:0
LH:0
BRF:0
BRH:0
end_of_record
